Using pre-set license
Built from '2020.3/staging' branch; Version is '2020.3.16f1 (049d6eca3c44) revision 302446'; Using compiler version '192528614'; Build Type 'Release'
OS: 'Windows 10 Home; OS build 19043.1165; Version 2009; 64bit' Language: 'fi' Physical Memory: 32693 MB
BatchMode: 1, IsHumanControllingUs: 0, StartBugReporterOnCrash: 0, Is64bit: 1, IsPro: 0

 COMMAND LINE ARGUMENTS:
C:\Program Files\Unity\Hub\Editor\2020.3.16f1\Editor\Unity.exe
-adb2
-batchMode
-noUpm
-name
AssetImportWorker0
-projectPath
C:/Users/JooKu/Documents/trust-master/trust-master/TRUST
-logFile
Logs/AssetImportWorker0.log
-srvPort
56463
Successfully changed project path to: C:/Users/JooKu/Documents/trust-master/trust-master/TRUST
C:/Users/JooKu/Documents/trust-master/trust-master/TRUST
Using Asset Import Pipeline V2.
Refreshing native plugins compatible for Editor in 65.92 ms, found 2 plugins.
Preloading 0 native plugins for Editor in 0.00 ms.
Initialize engine version: 2020.3.16f1 (049d6eca3c44)
[Subsystems] Discovering subsystems at path C:/Program Files/Unity/Hub/Editor/2020.3.16f1/Editor/Data/Resources/UnitySubsystems
[Subsystems] Discovering subsystems at path C:/Users/JooKu/Documents/trust-master/trust-master/TRUST/Assets
GfxDevice: creating device client; threaded=0
Direct3D:
    Version:  Direct3D 11.0 [level 11.1]
    Renderer: NVIDIA GeForce RTX 2080 (ID=0x1e87)
    Vendor:   
    VRAM:     8010 MB
    Driver:   30.0.14.7168
Initialize mono
Mono path[0] = 'C:/Program Files/Unity/Hub/Editor/2020.3.16f1/Editor/Data/Managed'
Mono path[1] = 'C:/Program Files/Unity/Hub/Editor/2020.3.16f1/Editor/Data/MonoBleedingEdge/lib/mono/unityjit'
Mono config path = 'C:/Program Files/Unity/Hub/Editor/2020.3.16f1/Editor/Data/MonoBleedingEdge/etc'
Using monoOptions --debugger-agent=transport=dt_socket,embedding=1,server=y,suspend=n,address=127.0.0.1:56596
Begin MonoManager ReloadAssembly
Registering precompiled unity dll's ...
Register platform support module: C:/Program Files/Unity/Hub/Editor/2020.3.16f1/Editor/Data/PlaybackEngines/WindowsStandaloneSupport/UnityEditor.WindowsStandalone.Extensions.dll
Registered in 0.001405 seconds.
Native extension for WindowsStandalone target not found
Refreshing native plugins compatible for Editor in 58.84 ms, found 2 plugins.
Preloading 0 native plugins for Editor in 0.00 ms.
Mono: successfully reloaded assembly
- Completed reload, in  0.818 seconds
Domain Reload Profiling:
	ReloadAssembly (818ms)
		BeginReloadAssembly (40ms)
			ExecutionOrderSort (0ms)
			DisableScriptedObjects (0ms)
			BackupInstance (0ms)
			ReleaseScriptingObjects (0ms)
			CreateAndSetChildDomain (1ms)
		EndReloadAssembly (362ms)
			LoadAssemblies (38ms)
			RebuildTransferFunctionScriptingTraits (0ms)
			SetupTypeCache (125ms)
			ReleaseScriptCaches (0ms)
			RebuildScriptCaches (24ms)
			SetupLoadedEditorAssemblies (156ms)
				LogAssemblyErrors (0ms)
				InitializePlatformSupportModulesInManaged (3ms)
				SetLoadedEditorAssemblies (0ms)
				RefreshPlugins (59ms)
				BeforeProcessingInitializeOnLoad (6ms)
				ProcessInitializeOnLoadAttributes (65ms)
				ProcessInitializeOnLoadMethodAttributes (22ms)
				AfterProcessingInitializeOnLoad (0ms)
				EditorAssembliesLoaded (0ms)
			ExecutionOrderSort2 (0ms)
			AwakeInstancesAfterBackupRestoration (0ms)
Platform modules already initialized, skipping
Registering precompiled user dll's ...
Registered in 0.003863 seconds.
Begin MonoManager ReloadAssembly
Native extension for WindowsStandalone target not found
Refreshing native plugins compatible for Editor in 0.70 ms, found 2 plugins.
Preloading 0 native plugins for Editor in 0.00 ms.
Mono: successfully reloaded assembly
- Completed reload, in  0.926 seconds
Domain Reload Profiling:
	ReloadAssembly (927ms)
		BeginReloadAssembly (113ms)
			ExecutionOrderSort (0ms)
			DisableScriptedObjects (3ms)
			BackupInstance (0ms)
			ReleaseScriptingObjects (0ms)
			CreateAndSetChildDomain (15ms)
		EndReloadAssembly (762ms)
			LoadAssemblies (70ms)
			RebuildTransferFunctionScriptingTraits (0ms)
			SetupTypeCache (225ms)
			ReleaseScriptCaches (0ms)
			RebuildScriptCaches (36ms)
			SetupLoadedEditorAssemblies (353ms)
				LogAssemblyErrors (0ms)
				InitializePlatformSupportModulesInManaged (4ms)
				SetLoadedEditorAssemblies (0ms)
				RefreshPlugins (1ms)
				BeforeProcessingInitializeOnLoad (51ms)
				ProcessInitializeOnLoadAttributes (263ms)
				ProcessInitializeOnLoadMethodAttributes (29ms)
				AfterProcessingInitializeOnLoad (4ms)
				EditorAssembliesLoaded (0ms)
			ExecutionOrderSort2 (0ms)
			AwakeInstancesAfterBackupRestoration (5ms)
Platform modules already initialized, skipping
========================================================================
Worker process is ready to serve import requests
Launched and connected shader compiler UnityShaderCompiler.exe after 0.05 seconds
Refreshing native plugins compatible for Editor in 0.70 ms, found 2 plugins.
Preloading 0 native plugins for Editor in 0.00 ms.
Unloading 1974 Unused Serialized files (Serialized files now loaded: 0)
System memory in use before: 83.3 MB.
System memory in use after: 83.3 MB.

Unloading 58 unused Assets to reduce memory usage. Loaded Objects now: 2377.
Total: 4.837400 ms (FindLiveObjects: 0.131700 ms CreateObjectMapping: 0.054900 ms MarkObjects: 4.590000 ms  DeleteObjects: 0.059800 ms)

AssetImportParameters requested are different than current active one (requested -> active):
  custom:framework-win-MediaFoundation: 216162199b28c13a410421893ffa2e32 -> 
  custom:video-decoder-ogg-theora: a1e56fd34408186e4bbccfd4996cb3dc -> 
  custom:container-muxer-webm: aa71ff27fc2769a1b78a27578f13a17b -> 
  custom:container-demuxer-webm: 4f35f7cbe854078d1ac9338744f61a02 -> 
  custom:container-demuxer-ogg: 62fdf1f143b41e24485cea50d1cbac27 -> 
  custom:video-encoder-webm-vp8: eb34c28f22e8b96e1ab97ce403110664 -> 
  custom:video-decoder-webm-vp8: 9c59270c3fd7afecdb556c50c9e8de78 -> 
  custom:audio-decoder-ogg-vorbis: bf7c407c2cedff20999df2af8eb42d56 -> 
  custom:audio-encoder-webm-vorbis: bf7c407c2cedff20999df2af8eb42d56 -> 
========================================================================
Received Import Request.
  path: Assets/Sounds/trust_menu_ost.mp3
  artifactKey: Guid(6439c5115112c774f80605acf045abbc) Importer(815301076,1909f56bfc062723c751e8b465ee728b)
Start importing Assets/Sounds/trust_menu_ost.mp3 using Guid(6439c5115112c774f80605acf045abbc) Importer(815301076,1909f56bfc062723c751e8b465ee728b)  -> (artifact id: '58ccad10ce90d13c3467f6c262c187e3') in 0.079164 seconds 
  Import took 0.081601 seconds .

========================================================================
Received Import Request.
  Time since last request: 0.000242 seconds.
  path: Assets/Sounds/zapsplat_warfare_sword_or_other_weapon_swing_fast_hit_body_squelch_002_28393.mp3
  artifactKey: Guid(2ea2bd0cd0c6f6a43a622cfc12806381) Importer(815301076,1909f56bfc062723c751e8b465ee728b)
Start importing Assets/Sounds/zapsplat_warfare_sword_or_other_weapon_swing_fast_hit_body_squelch_002_28393.mp3 using Guid(2ea2bd0cd0c6f6a43a622cfc12806381) Importer(815301076,1909f56bfc062723c751e8b465ee728b)  -> (artifact id: '183f811cdd8c82cad1ed2fca90e9592c') in 0.008979 seconds 
  Import took 0.011367 seconds .

========================================================================
Received Import Request.
  Time since last request: 0.000228 seconds.
  path: Assets/Sounds/PelaajaOsuma.mp3
  artifactKey: Guid(bacf20defd9802f439bb8746af438c5f) Importer(815301076,1909f56bfc062723c751e8b465ee728b)
Start importing Assets/Sounds/PelaajaOsuma.mp3 using Guid(bacf20defd9802f439bb8746af438c5f) Importer(815301076,1909f56bfc062723c751e8b465ee728b)  -> (artifact id: 'dd92c3a1cca6ced54724d08023de5bd9') in 0.010040 seconds 
  Import took 0.013074 seconds .

========================================================================
Received Import Request.
  Time since last request: 0.000181 seconds.
  path: Assets/Sounds/zapsplat_fantasy_magic_spell_whoosh_ball_of_energy_pass_by_fast_001_32444.mp3
  artifactKey: Guid(7a711728b32dea84f8f1b79eb0acabb2) Importer(815301076,1909f56bfc062723c751e8b465ee728b)
Start importing Assets/Sounds/zapsplat_fantasy_magic_spell_whoosh_ball_of_energy_pass_by_fast_001_32444.mp3 using Guid(7a711728b32dea84f8f1b79eb0acabb2) Importer(815301076,1909f56bfc062723c751e8b465ee728b)  -> (artifact id: 'fe558a2a3b1ddcda2335f87611a45c5d') in 0.024296 seconds 
  Import took 0.026714 seconds .

========================================================================
Received Import Request.
  Time since last request: 0.000154 seconds.
  path: Assets/Sounds/punch_or_whack_-Vladimir-403040765.mp3
  artifactKey: Guid(42f6f95500b45684aa650ad7ae8f5ace) Importer(815301076,1909f56bfc062723c751e8b465ee728b)
Start importing Assets/Sounds/punch_or_whack_-Vladimir-403040765.mp3 using Guid(42f6f95500b45684aa650ad7ae8f5ace) Importer(815301076,1909f56bfc062723c751e8b465ee728b)  -> (artifact id: 'a060950bf8a121520ddcee70023c6734') in 0.013738 seconds 
  Import took 0.016046 seconds .

========================================================================
Received Import Request.
  Time since last request: 0.000285 seconds.
  path: Assets/Sounds/Throw_Knife-Anonymous-1894795848.mp3
  artifactKey: Guid(18dd089673aba0e429b40f955078e017) Importer(815301076,1909f56bfc062723c751e8b465ee728b)
Start importing Assets/Sounds/Throw_Knife-Anonymous-1894795848.mp3 using Guid(18dd089673aba0e429b40f955078e017) Importer(815301076,1909f56bfc062723c751e8b465ee728b)  -> (artifact id: '7e8fb37cef94d1e231b84b37fd5fc4cd') in 0.009206 seconds 
  Import took 0.011762 seconds .

========================================================================
Received Import Request.
  Time since last request: 0.000179 seconds.
  path: Assets/Sounds/Trust_Piano.mp3
  artifactKey: Guid(9db2f9ec7b522f949b1086cfc26e0793) Importer(815301076,1909f56bfc062723c751e8b465ee728b)
Start importing Assets/Sounds/Trust_Piano.mp3 using Guid(9db2f9ec7b522f949b1086cfc26e0793) Importer(815301076,1909f56bfc062723c751e8b465ee728b)  -> (artifact id: 'ecb595503a5060dc5369bdee164132c2') in 0.010022 seconds 
  Import took 0.012459 seconds .

========================================================================
Received Import Request.
  Time since last request: 3.279735 seconds.
  path: Assets/Scripts/CameraFollow.cs
  artifactKey: Guid(10a3b95a542648a4394b2fc0d134401d) Importer(815301076,1909f56bfc062723c751e8b465ee728b)
Start importing Assets/Scripts/CameraFollow.cs using Guid(10a3b95a542648a4394b2fc0d134401d) Importer(815301076,1909f56bfc062723c751e8b465ee728b)  -> (artifact id: 'bcd6545ada48f01b3b6a8f00a30da1e5') in 0.005699 seconds 
  Import took 0.008136 seconds .

========================================================================
Received Import Request.
  Time since last request: 0.534105 seconds.
  path: Assets/Scripts/CameraFollow2.cs
  artifactKey: Guid(c59292e27ee1e1049b2f90469a0d3364) Importer(815301076,1909f56bfc062723c751e8b465ee728b)
Start importing Assets/Scripts/CameraFollow2.cs using Guid(c59292e27ee1e1049b2f90469a0d3364) Importer(815301076,1909f56bfc062723c751e8b465ee728b)  -> (artifact id: 'cd64c12533e73edf35eb62ed5b8a4e04') in 0.003834 seconds 
  Import took 0.006278 seconds .

========================================================================
Received Import Request.
  Time since last request: 0.000723 seconds.
  path: Assets/Scripts/CameraFollow2.cs
  artifactKey: Guid(c59292e27ee1e1049b2f90469a0d3364) Importer(815301076,1909f56bfc062723c751e8b465ee728b)
Start importing Assets/Scripts/CameraFollow2.cs using Guid(c59292e27ee1e1049b2f90469a0d3364) Importer(815301076,1909f56bfc062723c751e8b465ee728b)  -> (artifact id: 'cd64c12533e73edf35eb62ed5b8a4e04') in 0.001274 seconds 
  Import took 0.003874 seconds .

========================================================================
Received Import Request.
  Time since last request: 0.815364 seconds.
  path: Assets/Scripts/CanvaksenHavitys.cs
  artifactKey: Guid(4bb325323f328f647baf8080d49d7aaa) Importer(815301076,1909f56bfc062723c751e8b465ee728b)
Start importing Assets/Scripts/CanvaksenHavitys.cs using Guid(4bb325323f328f647baf8080d49d7aaa) Importer(815301076,1909f56bfc062723c751e8b465ee728b)  -> (artifact id: '6d21975f76a0301f5f50a92acb95d399') in 0.003760 seconds 
  Import took 0.006231 seconds .

========================================================================
Received Import Request.
  Time since last request: 0.019155 seconds.
  path: Assets/Scripts/CanvaksenHavitys.cs
  artifactKey: Guid(4bb325323f328f647baf8080d49d7aaa) Importer(815301076,1909f56bfc062723c751e8b465ee728b)
Start importing Assets/Scripts/CanvaksenHavitys.cs using Guid(4bb325323f328f647baf8080d49d7aaa) Importer(815301076,1909f56bfc062723c751e8b465ee728b)  -> (artifact id: '6d21975f76a0301f5f50a92acb95d399') in 0.001335 seconds 
  Import took 0.003970 seconds .

========================================================================
Received Import Request.
  Time since last request: 1.396037 seconds.
  path: Assets/Scripts/Character.cs
  artifactKey: Guid(35c93cb7b4cf4dc41980a90e89216007) Importer(815301076,1909f56bfc062723c751e8b465ee728b)
Start importing Assets/Scripts/Character.cs using Guid(35c93cb7b4cf4dc41980a90e89216007) Importer(815301076,1909f56bfc062723c751e8b465ee728b)  -> (artifact id: 'd2a3aa74ea85620b836beb7dee5b8cdc') in 0.004325 seconds 
  Import took 0.007294 seconds .

========================================================================
Received Import Request.
  Time since last request: 0.001198 seconds.
  path: Assets/Scripts/Character.cs
  artifactKey: Guid(35c93cb7b4cf4dc41980a90e89216007) Importer(815301076,1909f56bfc062723c751e8b465ee728b)
Start importing Assets/Scripts/Character.cs using Guid(35c93cb7b4cf4dc41980a90e89216007) Importer(815301076,1909f56bfc062723c751e8b465ee728b)  -> (artifact id: 'd2a3aa74ea85620b836beb7dee5b8cdc') in 0.001280 seconds 
  Import took 0.003869 seconds .

========================================================================
Received Import Request.
  Time since last request: 0.633001 seconds.
  path: Assets/Scripts/CharacterSelection.cs
  artifactKey: Guid(b9487dd8594d0744f87335acb8527fa5) Importer(815301076,1909f56bfc062723c751e8b465ee728b)
Start importing Assets/Scripts/CharacterSelection.cs using Guid(b9487dd8594d0744f87335acb8527fa5) Importer(815301076,1909f56bfc062723c751e8b465ee728b)  -> (artifact id: 'af49ac523eac546014e514ed2d87388e') in 0.003724 seconds 
  Import took 0.006189 seconds .

========================================================================
Received Import Request.
  Time since last request: 0.000454 seconds.
  path: Assets/Scripts/CharacterSelection.cs
  artifactKey: Guid(b9487dd8594d0744f87335acb8527fa5) Importer(815301076,1909f56bfc062723c751e8b465ee728b)
Start importing Assets/Scripts/CharacterSelection.cs using Guid(b9487dd8594d0744f87335acb8527fa5) Importer(815301076,1909f56bfc062723c751e8b465ee728b)  -> (artifact id: 'af49ac523eac546014e514ed2d87388e') in 0.001216 seconds 
  Import took 0.003605 seconds .

========================================================================
Received Import Request.
  Time since last request: 1.036787 seconds.
  path: Assets/Scripts/CharacterTesti.cs
  artifactKey: Guid(df9374a10b24c6149a6196c9721001fa) Importer(815301076,1909f56bfc062723c751e8b465ee728b)
Start importing Assets/Scripts/CharacterTesti.cs using Guid(df9374a10b24c6149a6196c9721001fa) Importer(815301076,1909f56bfc062723c751e8b465ee728b)  -> (artifact id: '936795a52115c099a7f1cdf3b6890dbe') in 0.004097 seconds 
  Import took 0.006833 seconds .

========================================================================
Received Import Request.
  Time since last request: 0.000466 seconds.
  path: Assets/Scripts/CharacterTesti.cs
  artifactKey: Guid(df9374a10b24c6149a6196c9721001fa) Importer(815301076,1909f56bfc062723c751e8b465ee728b)
Start importing Assets/Scripts/CharacterTesti.cs using Guid(df9374a10b24c6149a6196c9721001fa) Importer(815301076,1909f56bfc062723c751e8b465ee728b)  -> (artifact id: '936795a52115c099a7f1cdf3b6890dbe') in 0.001530 seconds 
  Import took 0.004493 seconds .

========================================================================
Received Import Request.
  Time since last request: 0.747088 seconds.
  path: Assets/Scripts/Checkpoint.cs
  artifactKey: Guid(041ca0cce7e3999418e03611c85784a8) Importer(815301076,1909f56bfc062723c751e8b465ee728b)
Start importing Assets/Scripts/Checkpoint.cs using Guid(041ca0cce7e3999418e03611c85784a8) Importer(815301076,1909f56bfc062723c751e8b465ee728b)  -> (artifact id: '91a06a63ffceb7f13e9b4861ff6f883b') in 0.004140 seconds 
  Import took 0.006678 seconds .

========================================================================
Received Import Request.
  Time since last request: 0.001126 seconds.
  path: Assets/Scripts/Checkpoint.cs
  artifactKey: Guid(041ca0cce7e3999418e03611c85784a8) Importer(815301076,1909f56bfc062723c751e8b465ee728b)
Start importing Assets/Scripts/Checkpoint.cs using Guid(041ca0cce7e3999418e03611c85784a8) Importer(815301076,1909f56bfc062723c751e8b465ee728b)  -> (artifact id: '91a06a63ffceb7f13e9b4861ff6f883b') in 0.001265 seconds 
  Import took 0.003719 seconds .

========================================================================
Received Import Request.
  Time since last request: 0.803790 seconds.
  path: Assets/Scripts/CombatBarHandler.cs
  artifactKey: Guid(c84701a5f9ea9e941a798f8d0321445f) Importer(815301076,1909f56bfc062723c751e8b465ee728b)
Start importing Assets/Scripts/CombatBarHandler.cs using Guid(c84701a5f9ea9e941a798f8d0321445f) Importer(815301076,1909f56bfc062723c751e8b465ee728b)  -> (artifact id: 'eb1c2100785af46cd403195ee2dd43cb') in 0.003889 seconds 
  Import took 0.006266 seconds .

========================================================================
Received Import Request.
  Time since last request: 0.009728 seconds.
  path: Assets/Scripts/CombatBarHandler.cs
  artifactKey: Guid(c84701a5f9ea9e941a798f8d0321445f) Importer(815301076,1909f56bfc062723c751e8b465ee728b)
Start importing Assets/Scripts/CombatBarHandler.cs using Guid(c84701a5f9ea9e941a798f8d0321445f) Importer(815301076,1909f56bfc062723c751e8b465ee728b)  -> (artifact id: 'eb1c2100785af46cd403195ee2dd43cb') in 0.001662 seconds 
  Import took 0.004266 seconds .

========================================================================
Received Import Request.
  Time since last request: 0.916780 seconds.
  path: Assets/Scripts/DialoginAloitin.cs
  artifactKey: Guid(ed139542be5d11e4eb043be4c8c2671b) Importer(815301076,1909f56bfc062723c751e8b465ee728b)
Start importing Assets/Scripts/DialoginAloitin.cs using Guid(ed139542be5d11e4eb043be4c8c2671b) Importer(815301076,1909f56bfc062723c751e8b465ee728b)  -> (artifact id: '7027898cc4b55ab68f22f3a68b2d70b5') in 0.004191 seconds 
  Import took 0.006763 seconds .

========================================================================
Received Import Request.
  Time since last request: 0.001175 seconds.
  path: Assets/Scripts/DialoginAloitin.cs
  artifactKey: Guid(ed139542be5d11e4eb043be4c8c2671b) Importer(815301076,1909f56bfc062723c751e8b465ee728b)
Start importing Assets/Scripts/DialoginAloitin.cs using Guid(ed139542be5d11e4eb043be4c8c2671b) Importer(815301076,1909f56bfc062723c751e8b465ee728b)  -> (artifact id: '7027898cc4b55ab68f22f3a68b2d70b5') in 0.001406 seconds 
  Import took 0.003888 seconds .

========================================================================
Received Import Request.
  Time since last request: 0.607751 seconds.
  path: Assets/Scripts/EnemyMovement.cs
  artifactKey: Guid(fad49e9fae3834f49923322830f08dee) Importer(815301076,1909f56bfc062723c751e8b465ee728b)
Start importing Assets/Scripts/EnemyMovement.cs using Guid(fad49e9fae3834f49923322830f08dee) Importer(815301076,1909f56bfc062723c751e8b465ee728b)  -> (artifact id: '36b57d69ad65bf0a0c9c42ec8a305494') in 0.004045 seconds 
  Import took 0.006745 seconds .

========================================================================
Received Import Request.
  Time since last request: 0.001062 seconds.
  path: Assets/Scripts/EnemyMovement.cs
  artifactKey: Guid(fad49e9fae3834f49923322830f08dee) Importer(815301076,1909f56bfc062723c751e8b465ee728b)
Start importing Assets/Scripts/EnemyMovement.cs using Guid(fad49e9fae3834f49923322830f08dee) Importer(815301076,1909f56bfc062723c751e8b465ee728b)  -> (artifact id: '36b57d69ad65bf0a0c9c42ec8a305494') in 0.001795 seconds 
  Import took 0.004292 seconds .

========================================================================
Received Import Request.
  Time since last request: 4.331773 seconds.
  path: Assets/Scripts/EsineenPoiminta.cs
  artifactKey: Guid(48b3cd84d6486924d9fc6eb27d543257) Importer(815301076,1909f56bfc062723c751e8b465ee728b)
Start importing Assets/Scripts/EsineenPoiminta.cs using Guid(48b3cd84d6486924d9fc6eb27d543257) Importer(815301076,1909f56bfc062723c751e8b465ee728b)  -> (artifact id: '5ef3307dd36d3cbe8abae299a6af8d66') in 0.003894 seconds 
  Import took 0.006713 seconds .

========================================================================
Received Import Request.
  Time since last request: 0.002569 seconds.
  path: Assets/Scripts/EsineenPoiminta.cs
  artifactKey: Guid(48b3cd84d6486924d9fc6eb27d543257) Importer(815301076,1909f56bfc062723c751e8b465ee728b)
Start importing Assets/Scripts/EsineenPoiminta.cs using Guid(48b3cd84d6486924d9fc6eb27d543257) Importer(815301076,1909f56bfc062723c751e8b465ee728b)  -> (artifact id: '5ef3307dd36d3cbe8abae299a6af8d66') in 0.001500 seconds 
  Import took 0.003969 seconds .

========================================================================
Received Import Request.
  Time since last request: 1.925613 seconds.
  path: Assets/Scripts/GameMaster.cs
  artifactKey: Guid(fc191a83e0067784e8ee7af3eec6f327) Importer(815301076,1909f56bfc062723c751e8b465ee728b)
Start importing Assets/Scripts/GameMaster.cs using Guid(fc191a83e0067784e8ee7af3eec6f327) Importer(815301076,1909f56bfc062723c751e8b465ee728b)  -> (artifact id: 'bdcd784ea4f5fbe87136feb307ec9915') in 0.004171 seconds 
  Import took 0.006690 seconds .

========================================================================
Received Import Request.
  Time since last request: 0.001131 seconds.
  path: Assets/Scripts/GameMaster.cs
  artifactKey: Guid(fc191a83e0067784e8ee7af3eec6f327) Importer(815301076,1909f56bfc062723c751e8b465ee728b)
Start importing Assets/Scripts/GameMaster.cs using Guid(fc191a83e0067784e8ee7af3eec6f327) Importer(815301076,1909f56bfc062723c751e8b465ee728b)  -> (artifact id: 'bdcd784ea4f5fbe87136feb307ec9915') in 0.001451 seconds 
  Import took 0.004577 seconds .

========================================================================
Received Prepare
Refreshing native plugins compatible for Editor in 11.44 ms, found 2 plugins.
Preloading 0 native plugins for Editor in 0.00 ms.
Unloading 47 Unused Serialized files (Serialized files now loaded: 0)
System memory in use before: 48.1 MB.
System memory in use after: 48.3 MB.

Unloading 47 unused Assets to reduce memory usage. Loaded Objects now: 2386.
Total: 5.081800 ms (FindLiveObjects: 0.193300 ms CreateObjectMapping: 0.073500 ms MarkObjects: 4.792400 ms  DeleteObjects: 0.021300 ms)

AssetImportParameters requested are different than current active one (requested -> active):
  custom:framework-win-MediaFoundation: 216162199b28c13a410421893ffa2e32 -> 
  custom:video-decoder-ogg-theora: a1e56fd34408186e4bbccfd4996cb3dc -> 
  custom:container-muxer-webm: aa71ff27fc2769a1b78a27578f13a17b -> 
  custom:container-demuxer-webm: 4f35f7cbe854078d1ac9338744f61a02 -> 
  custom:container-demuxer-ogg: 62fdf1f143b41e24485cea50d1cbac27 -> 
  custom:video-encoder-webm-vp8: eb34c28f22e8b96e1ab97ce403110664 -> 
  custom:video-decoder-webm-vp8: 9c59270c3fd7afecdb556c50c9e8de78 -> 
  custom:audio-decoder-ogg-vorbis: bf7c407c2cedff20999df2af8eb42d56 -> 
  custom:audio-encoder-webm-vorbis: bf7c407c2cedff20999df2af8eb42d56 -> 
========================================================================
Received Import Request.
  Time since last request: 67.903709 seconds.
  path: Assets/Scripts/TaisteluTrigger.cs
  artifactKey: Guid(88cc9381135544549aab17375ce1832b) Importer(815301076,1909f56bfc062723c751e8b465ee728b)
Start importing Assets/Scripts/TaisteluTrigger.cs using Guid(88cc9381135544549aab17375ce1832b) Importer(815301076,1909f56bfc062723c751e8b465ee728b)  -> (artifact id: '3a0ad3f99990e16b5fab00de1c8fc063') in 0.004176 seconds 
  Import took 0.006741 seconds .

========================================================================
Received Import Request.
  Time since last request: 0.006446 seconds.
  path: Assets/Scripts/TaisteluTrigger.cs
  artifactKey: Guid(88cc9381135544549aab17375ce1832b) Importer(815301076,1909f56bfc062723c751e8b465ee728b)
Start importing Assets/Scripts/TaisteluTrigger.cs using Guid(88cc9381135544549aab17375ce1832b) Importer(815301076,1909f56bfc062723c751e8b465ee728b)  -> (artifact id: '3a0ad3f99990e16b5fab00de1c8fc063') in 0.001342 seconds 
  Import took 0.004128 seconds .

========================================================================
Received Import Request.
  Time since last request: 7.196285 seconds.
  path: Assets/Scripts/VikanBossinTrigger.cs
  artifactKey: Guid(04182f09d17889546902ead9b5014e5d) Importer(815301076,1909f56bfc062723c751e8b465ee728b)
Start importing Assets/Scripts/VikanBossinTrigger.cs using Guid(04182f09d17889546902ead9b5014e5d) Importer(815301076,1909f56bfc062723c751e8b465ee728b)  -> (artifact id: '70c04cfdbe6984d361b2416c90075a18') in 0.004633 seconds 
  Import took 0.007095 seconds .

========================================================================
Received Import Request.
  Time since last request: 0.000496 seconds.
  path: Assets/Scripts/VikanBossinTrigger.cs
  artifactKey: Guid(04182f09d17889546902ead9b5014e5d) Importer(815301076,1909f56bfc062723c751e8b465ee728b)
Start importing Assets/Scripts/VikanBossinTrigger.cs using Guid(04182f09d17889546902ead9b5014e5d) Importer(815301076,1909f56bfc062723c751e8b465ee728b)  -> (artifact id: '70c04cfdbe6984d361b2416c90075a18') in 0.001180 seconds 
  Import took 0.003490 seconds .

========================================================================
Received Import Request.
  Time since last request: 15.915122 seconds.
  path: Assets/Scripts/TaistelustaPoistuminen.cs
  artifactKey: Guid(45d5e5062963611459d869510928ce7e) Importer(815301076,1909f56bfc062723c751e8b465ee728b)
Start importing Assets/Scripts/TaistelustaPoistuminen.cs using Guid(45d5e5062963611459d869510928ce7e) Importer(815301076,1909f56bfc062723c751e8b465ee728b)  -> (artifact id: '3e6e7c32ee91a548c7d7af1be5d68ba4') in 0.004325 seconds 
  Import took 0.007227 seconds .

========================================================================
Received Import Request.
  Time since last request: 0.722360 seconds.
  path: Assets/Scripts/TaisteluMittari2.cs
  artifactKey: Guid(e294402a9c8760a4a8afe4eec1a5a9b4) Importer(815301076,1909f56bfc062723c751e8b465ee728b)
Start importing Assets/Scripts/TaisteluMittari2.cs using Guid(e294402a9c8760a4a8afe4eec1a5a9b4) Importer(815301076,1909f56bfc062723c751e8b465ee728b)  -> (artifact id: 'b305b7ad0cdefc92eaec56ef7ad8ca6c') in 0.004104 seconds 
  Import took 0.006823 seconds .

========================================================================
Received Import Request.
  Time since last request: 0.000336 seconds.
  path: Assets/Scripts/TaisteluMittari2.cs
  artifactKey: Guid(e294402a9c8760a4a8afe4eec1a5a9b4) Importer(815301076,1909f56bfc062723c751e8b465ee728b)
Start importing Assets/Scripts/TaisteluMittari2.cs using Guid(e294402a9c8760a4a8afe4eec1a5a9b4) Importer(815301076,1909f56bfc062723c751e8b465ee728b)  -> (artifact id: 'b305b7ad0cdefc92eaec56ef7ad8ca6c') in 0.001289 seconds 
  Import took 0.003732 seconds .

========================================================================
Received Import Request.
  Time since last request: 0.521765 seconds.
  path: Assets/Scripts/TaisteluMittari.cs
  artifactKey: Guid(74b9faf0685b96f4faa43d7b0d231bde) Importer(815301076,1909f56bfc062723c751e8b465ee728b)
Start importing Assets/Scripts/TaisteluMittari.cs using Guid(74b9faf0685b96f4faa43d7b0d231bde) Importer(815301076,1909f56bfc062723c751e8b465ee728b)  -> (artifact id: '80ed85a4be6163d71e1b16ffac006b9b') in 0.004367 seconds 
  Import took 0.006997 seconds .

========================================================================
Received Import Request.
  Time since last request: 0.001430 seconds.
  path: Assets/Scripts/TaisteluMittari.cs
  artifactKey: Guid(74b9faf0685b96f4faa43d7b0d231bde) Importer(815301076,1909f56bfc062723c751e8b465ee728b)
Start importing Assets/Scripts/TaisteluMittari.cs using Guid(74b9faf0685b96f4faa43d7b0d231bde) Importer(815301076,1909f56bfc062723c751e8b465ee728b)  -> (artifact id: '80ed85a4be6163d71e1b16ffac006b9b') in 0.001600 seconds 
  Import took 0.004422 seconds .

========================================================================
Received Import Request.
  Time since last request: 0.317484 seconds.
  path: Assets/Scripts/TaisteluAika.cs
  artifactKey: Guid(dd1985f39d34b1e418ae1a290ac94a8b) Importer(815301076,1909f56bfc062723c751e8b465ee728b)
Start importing Assets/Scripts/TaisteluAika.cs using Guid(dd1985f39d34b1e418ae1a290ac94a8b) Importer(815301076,1909f56bfc062723c751e8b465ee728b)  -> (artifact id: '6af6fc7bdfe6475bb1ab7d308cd6f85b') in 0.012250 seconds 
  Import took 0.014966 seconds .

========================================================================
Received Import Request.
  Time since last request: 5.477269 seconds.
  path: Assets/Scripts/Stat.cs
  artifactKey: Guid(4e544d125f7edda46b7fdd8a1ef539c5) Importer(815301076,1909f56bfc062723c751e8b465ee728b)
Start importing Assets/Scripts/Stat.cs using Guid(4e544d125f7edda46b7fdd8a1ef539c5) Importer(815301076,1909f56bfc062723c751e8b465ee728b)  -> (artifact id: 'b270d9b168f78b90f2322b15c38d4db0') in 0.003946 seconds 
  Import took 0.006792 seconds .

========================================================================
Received Import Request.
  Time since last request: 0.000601 seconds.
  path: Assets/Scripts/Stat.cs
  artifactKey: Guid(4e544d125f7edda46b7fdd8a1ef539c5) Importer(815301076,1909f56bfc062723c751e8b465ee728b)
Start importing Assets/Scripts/Stat.cs using Guid(4e544d125f7edda46b7fdd8a1ef539c5) Importer(815301076,1909f56bfc062723c751e8b465ee728b)  -> (artifact id: 'b270d9b168f78b90f2322b15c38d4db0') in 0.001708 seconds 
  Import took 0.004330 seconds .

========================================================================
Received Import Request.
  Time since last request: 1.512358 seconds.
  path: Assets/Scripts/SliderTest.cs
  artifactKey: Guid(435a5bfa3b59ea048bf3a6a051b9f5bb) Importer(815301076,1909f56bfc062723c751e8b465ee728b)
Start importing Assets/Scripts/SliderTest.cs using Guid(435a5bfa3b59ea048bf3a6a051b9f5bb) Importer(815301076,1909f56bfc062723c751e8b465ee728b)  -> (artifact id: '0beae6e3098a1d40c0d74af8256679ee') in 0.004104 seconds 
  Import took 0.006650 seconds .

========================================================================
Received Import Request.
  Time since last request: 3.524209 seconds.
  path: Assets/Scripts/PoimittavaEsine.cs
  artifactKey: Guid(8a19ba41cb4cddc47a0d01d7e4092a4b) Importer(815301076,1909f56bfc062723c751e8b465ee728b)
Start importing Assets/Scripts/PoimittavaEsine.cs using Guid(8a19ba41cb4cddc47a0d01d7e4092a4b) Importer(815301076,1909f56bfc062723c751e8b465ee728b)  -> (artifact id: '70160680be4425a105a2fb98bd259fe7') in 0.003847 seconds 
  Import took 0.006715 seconds .

========================================================================
Received Import Request.
  Time since last request: 0.001627 seconds.
  path: Assets/Scripts/PoimittavaEsine.cs
  artifactKey: Guid(8a19ba41cb4cddc47a0d01d7e4092a4b) Importer(815301076,1909f56bfc062723c751e8b465ee728b)
Start importing Assets/Scripts/PoimittavaEsine.cs using Guid(8a19ba41cb4cddc47a0d01d7e4092a4b) Importer(815301076,1909f56bfc062723c751e8b465ee728b)  -> (artifact id: '70160680be4425a105a2fb98bd259fe7') in 0.001271 seconds 
  Import took 0.003859 seconds .

========================================================================
Received Import Request.
  Time since last request: 1.100218 seconds.
  path: Assets/Scripts/playerMovementTesti.cs
  artifactKey: Guid(bc2ded14036def44b805898662b338db) Importer(815301076,1909f56bfc062723c751e8b465ee728b)
Start importing Assets/Scripts/playerMovementTesti.cs using Guid(bc2ded14036def44b805898662b338db) Importer(815301076,1909f56bfc062723c751e8b465ee728b)  -> (artifact id: '93e8d7791aa97b502fc7c99a8229649b') in 0.004144 seconds 
  Import took 0.006683 seconds .

========================================================================
Received Import Request.
  Time since last request: 0.000270 seconds.
  path: Assets/Scripts/playerMovementTesti.cs
  artifactKey: Guid(bc2ded14036def44b805898662b338db) Importer(815301076,1909f56bfc062723c751e8b465ee728b)
Start importing Assets/Scripts/playerMovementTesti.cs using Guid(bc2ded14036def44b805898662b338db) Importer(815301076,1909f56bfc062723c751e8b465ee728b)  -> (artifact id: '93e8d7791aa97b502fc7c99a8229649b') in 0.001264 seconds 
  Import took 0.003589 seconds .

========================================================================
Received Import Request.
  Time since last request: 3.941435 seconds.
  path: Assets/Scripts/playerMovement.cs
  artifactKey: Guid(3009144e262737b409b8d46748092b98) Importer(815301076,1909f56bfc062723c751e8b465ee728b)
Start importing Assets/Scripts/playerMovement.cs using Guid(3009144e262737b409b8d46748092b98) Importer(815301076,1909f56bfc062723c751e8b465ee728b)  -> (artifact id: 'f1fffbe22829a2b1799ea5f42a9ee1ac') in 0.004069 seconds 
  Import took 0.006628 seconds .

========================================================================
Received Import Request.
  Time since last request: 0.001492 seconds.
  path: Assets/Scripts/playerMovement.cs
  artifactKey: Guid(3009144e262737b409b8d46748092b98) Importer(815301076,1909f56bfc062723c751e8b465ee728b)
Start importing Assets/Scripts/playerMovement.cs using Guid(3009144e262737b409b8d46748092b98) Importer(815301076,1909f56bfc062723c751e8b465ee728b)  -> (artifact id: 'f1fffbe22829a2b1799ea5f42a9ee1ac') in 0.001278 seconds 
  Import took 0.004106 seconds .

========================================================================
Received Import Request.
  Time since last request: 2.917938 seconds.
  path: Assets/Scripts/PlayerManager.cs
  artifactKey: Guid(233289aee600caf4497d5f863d573f7b) Importer(815301076,1909f56bfc062723c751e8b465ee728b)
Start importing Assets/Scripts/PlayerManager.cs using Guid(233289aee600caf4497d5f863d573f7b) Importer(815301076,1909f56bfc062723c751e8b465ee728b)  -> (artifact id: '49d3ae45cace35d2999f0444f2770223') in 0.004069 seconds 
  Import took 0.006557 seconds .

========================================================================
Received Import Request.
  Time since last request: 0.000708 seconds.
  path: Assets/Scripts/PlayerManager.cs
  artifactKey: Guid(233289aee600caf4497d5f863d573f7b) Importer(815301076,1909f56bfc062723c751e8b465ee728b)
Start importing Assets/Scripts/PlayerManager.cs using Guid(233289aee600caf4497d5f863d573f7b) Importer(815301076,1909f56bfc062723c751e8b465ee728b)  -> (artifact id: '49d3ae45cace35d2999f0444f2770223') in 0.001301 seconds 
  Import took 0.003618 seconds .

========================================================================
Received Import Request.
  Time since last request: 1.460943 seconds.
  path: Assets/Scripts/Patrol.cs
  artifactKey: Guid(c237bdf2589ddef4b97e9243b8491446) Importer(815301076,1909f56bfc062723c751e8b465ee728b)
Start importing Assets/Scripts/Patrol.cs using Guid(c237bdf2589ddef4b97e9243b8491446) Importer(815301076,1909f56bfc062723c751e8b465ee728b)  -> (artifact id: 'e2a71577a3ebef9642d9f464b2560516') in 0.004426 seconds 
  Import took 0.006931 seconds .

========================================================================
Received Import Request.
  Time since last request: 0.000621 seconds.
  path: Assets/Scripts/Patrol.cs
  artifactKey: Guid(c237bdf2589ddef4b97e9243b8491446) Importer(815301076,1909f56bfc062723c751e8b465ee728b)
Start importing Assets/Scripts/Patrol.cs using Guid(c237bdf2589ddef4b97e9243b8491446) Importer(815301076,1909f56bfc062723c751e8b465ee728b)  -> (artifact id: 'e2a71577a3ebef9642d9f464b2560516') in 0.001552 seconds 
  Import took 0.005299 seconds .

========================================================================
Received Import Request.
  Time since last request: 1.195004 seconds.
  path: Assets/Scripts/NewPlayerPos.cs
  artifactKey: Guid(f3b276c5e6a02564aba5a0f6f784ea06) Importer(815301076,1909f56bfc062723c751e8b465ee728b)
Start importing Assets/Scripts/NewPlayerPos.cs using Guid(f3b276c5e6a02564aba5a0f6f784ea06) Importer(815301076,1909f56bfc062723c751e8b465ee728b)  -> (artifact id: 'b9ff2eb56279df22c23ebd9b12b517e6') in 0.003819 seconds 
  Import took 0.006480 seconds .

========================================================================
Received Import Request.
  Time since last request: 1.182526 seconds.
  path: Assets/Scripts/Minimap.cs
  artifactKey: Guid(6ce1ee7825f236d4e9fa301b257bdad3) Importer(815301076,1909f56bfc062723c751e8b465ee728b)
Start importing Assets/Scripts/Minimap.cs using Guid(6ce1ee7825f236d4e9fa301b257bdad3) Importer(815301076,1909f56bfc062723c751e8b465ee728b)  -> (artifact id: '28dd7f8010d0db64a70cc75dc3c86a99') in 0.004057 seconds 
  Import took 0.006432 seconds .

========================================================================
Received Import Request.
  Time since last request: 0.733449 seconds.
  path: Assets/Scripts/MenuValikko.cs
  artifactKey: Guid(3dd48a245bf979941ab3cb0918825fcb) Importer(815301076,1909f56bfc062723c751e8b465ee728b)
Start importing Assets/Scripts/MenuValikko.cs using Guid(3dd48a245bf979941ab3cb0918825fcb) Importer(815301076,1909f56bfc062723c751e8b465ee728b)  -> (artifact id: 'a00c44a5afc2bd694ddf6ecdc84a7ff2') in 0.003766 seconds 
  Import took 0.006270 seconds .

========================================================================
Received Import Request.
  Time since last request: 0.000422 seconds.
  path: Assets/Scripts/MenuValikko.cs
  artifactKey: Guid(3dd48a245bf979941ab3cb0918825fcb) Importer(815301076,1909f56bfc062723c751e8b465ee728b)
Start importing Assets/Scripts/MenuValikko.cs using Guid(3dd48a245bf979941ab3cb0918825fcb) Importer(815301076,1909f56bfc062723c751e8b465ee728b)  -> (artifact id: 'a00c44a5afc2bd694ddf6ecdc84a7ff2') in 0.001118 seconds 
  Import took 0.004207 seconds .

========================================================================
Received Import Request.
  Time since last request: 0.756119 seconds.
  path: Assets/Scripts/MainMenu.cs
  artifactKey: Guid(5b8d72f418ac0b84fb992a9d6d0c4cf8) Importer(815301076,1909f56bfc062723c751e8b465ee728b)
Start importing Assets/Scripts/MainMenu.cs using Guid(5b8d72f418ac0b84fb992a9d6d0c4cf8) Importer(815301076,1909f56bfc062723c751e8b465ee728b)  -> (artifact id: 'a834a1105b5ec32437eefc78cf1daeab') in 0.004479 seconds 
  Import took 0.007039 seconds .

========================================================================
Received Import Request.
  Time since last request: 0.459358 seconds.
  path: Assets/Scripts/Inventory.cs
  artifactKey: Guid(ebcbe9bb8db347448aafb11875179e2f) Importer(815301076,1909f56bfc062723c751e8b465ee728b)
Start importing Assets/Scripts/Inventory.cs using Guid(ebcbe9bb8db347448aafb11875179e2f) Importer(815301076,1909f56bfc062723c751e8b465ee728b)  -> (artifact id: '2903dea5579a65824628dd1bd27dc8f2') in 0.003899 seconds 
  Import took 0.006350 seconds .

========================================================================
Received Prepare
Registering precompiled user dll's ...
Registered in 0.003607 seconds.
Begin MonoManager ReloadAssembly
Native extension for WindowsStandalone target not found
Refreshing native plugins compatible for Editor in 0.71 ms, found 2 plugins.
Preloading 0 native plugins for Editor in 0.00 ms.
Mono: successfully reloaded assembly
- Completed reload, in  0.868 seconds
Domain Reload Profiling:
	ReloadAssembly (869ms)
		BeginReloadAssembly (97ms)
			ExecutionOrderSort (0ms)
			DisableScriptedObjects (4ms)
			BackupInstance (0ms)
			ReleaseScriptingObjects (0ms)
			CreateAndSetChildDomain (30ms)
		EndReloadAssembly (722ms)
			LoadAssemblies (66ms)
			RebuildTransferFunctionScriptingTraits (0ms)
			SetupTypeCache (226ms)
			ReleaseScriptCaches (1ms)
			RebuildScriptCaches (29ms)
			SetupLoadedEditorAssemblies (315ms)
				LogAssemblyErrors (0ms)
				InitializePlatformSupportModulesInManaged (4ms)
				SetLoadedEditorAssemblies (0ms)
				RefreshPlugins (1ms)
				BeforeProcessingInitializeOnLoad (45ms)
				ProcessInitializeOnLoadAttributes (235ms)
				ProcessInitializeOnLoadMethodAttributes (25ms)
				AfterProcessingInitializeOnLoad (4ms)
				EditorAssembliesLoaded (0ms)
			ExecutionOrderSort2 (0ms)
			AwakeInstancesAfterBackupRestoration (5ms)
Platform modules already initialized, skipping
Refreshing native plugins compatible for Editor in 0.70 ms, found 2 plugins.
Preloading 0 native plugins for Editor in 0.00 ms.
Unloading 1968 Unused Serialized files (Serialized files now loaded: 0)
System memory in use before: 86.1 MB.
System memory in use after: 86.2 MB.

Unloading 49 unused Assets to reduce memory usage. Loaded Objects now: 2388.
Total: 4.973100 ms (FindLiveObjects: 0.138500 ms CreateObjectMapping: 0.055600 ms MarkObjects: 4.752400 ms  DeleteObjects: 0.025600 ms)

AssetImportParameters requested are different than current active one (requested -> active):
  custom:framework-win-MediaFoundation: 216162199b28c13a410421893ffa2e32 -> 
  custom:video-decoder-ogg-theora: a1e56fd34408186e4bbccfd4996cb3dc -> 
  custom:container-muxer-webm: aa71ff27fc2769a1b78a27578f13a17b -> 
  custom:container-demuxer-webm: 4f35f7cbe854078d1ac9338744f61a02 -> 
  custom:container-demuxer-ogg: 62fdf1f143b41e24485cea50d1cbac27 -> 
  custom:video-encoder-webm-vp8: eb34c28f22e8b96e1ab97ce403110664 -> 
  custom:video-decoder-webm-vp8: 9c59270c3fd7afecdb556c50c9e8de78 -> 
  custom:audio-decoder-ogg-vorbis: bf7c407c2cedff20999df2af8eb42d56 -> 
  custom:audio-encoder-webm-vorbis: bf7c407c2cedff20999df2af8eb42d56 -> 
========================================================================
Received Prepare
Registering precompiled user dll's ...
Registered in 0.004283 seconds.
Begin MonoManager ReloadAssembly
Native extension for WindowsStandalone target not found
Refreshing native plugins compatible for Editor in 0.77 ms, found 2 plugins.
Preloading 0 native plugins for Editor in 0.00 ms.
Mono: successfully reloaded assembly
- Completed reload, in  0.900 seconds
Domain Reload Profiling:
	ReloadAssembly (900ms)
		BeginReloadAssembly (93ms)
			ExecutionOrderSort (0ms)
			DisableScriptedObjects (5ms)
			BackupInstance (0ms)
			ReleaseScriptingObjects (0ms)
			CreateAndSetChildDomain (26ms)
		EndReloadAssembly (756ms)
			LoadAssemblies (68ms)
			RebuildTransferFunctionScriptingTraits (0ms)
			SetupTypeCache (230ms)
			ReleaseScriptCaches (1ms)
			RebuildScriptCaches (32ms)
			SetupLoadedEditorAssemblies (340ms)
				LogAssemblyErrors (0ms)
				InitializePlatformSupportModulesInManaged (4ms)
				SetLoadedEditorAssemblies (0ms)
				RefreshPlugins (1ms)
				BeforeProcessingInitializeOnLoad (47ms)
				ProcessInitializeOnLoadAttributes (254ms)
				ProcessInitializeOnLoadMethodAttributes (29ms)
				AfterProcessingInitializeOnLoad (4ms)
				EditorAssembliesLoaded (0ms)
			ExecutionOrderSort2 (0ms)
			AwakeInstancesAfterBackupRestoration (5ms)
Platform modules already initialized, skipping
Refreshing native plugins compatible for Editor in 0.75 ms, found 2 plugins.
Preloading 0 native plugins for Editor in 0.00 ms.
Unloading 1968 Unused Serialized files (Serialized files now loaded: 0)
System memory in use before: 86.2 MB.
System memory in use after: 86.3 MB.

Unloading 49 unused Assets to reduce memory usage. Loaded Objects now: 2390.
Total: 4.891700 ms (FindLiveObjects: 0.145300 ms CreateObjectMapping: 0.057100 ms MarkObjects: 4.662000 ms  DeleteObjects: 0.025900 ms)

AssetImportParameters requested are different than current active one (requested -> active):
  custom:framework-win-MediaFoundation: 216162199b28c13a410421893ffa2e32 -> 
  custom:video-decoder-ogg-theora: a1e56fd34408186e4bbccfd4996cb3dc -> 
  custom:container-muxer-webm: aa71ff27fc2769a1b78a27578f13a17b -> 
  custom:container-demuxer-webm: 4f35f7cbe854078d1ac9338744f61a02 -> 
  custom:container-demuxer-ogg: 62fdf1f143b41e24485cea50d1cbac27 -> 
  custom:video-encoder-webm-vp8: eb34c28f22e8b96e1ab97ce403110664 -> 
  custom:video-decoder-webm-vp8: 9c59270c3fd7afecdb556c50c9e8de78 -> 
  custom:audio-decoder-ogg-vorbis: bf7c407c2cedff20999df2af8eb42d56 -> 
  custom:audio-encoder-webm-vorbis: bf7c407c2cedff20999df2af8eb42d56 -> 
========================================================================
Received Import Request.
  Time since last request: 135.061394 seconds.
  path: Assets/Scripts/EsineenPoiminta.cs
  artifactKey: Guid(48b3cd84d6486924d9fc6eb27d543257) Importer(815301076,1909f56bfc062723c751e8b465ee728b)
Start importing Assets/Scripts/EsineenPoiminta.cs using Guid(48b3cd84d6486924d9fc6eb27d543257) Importer(815301076,1909f56bfc062723c751e8b465ee728b)  -> (artifact id: '8412164e14b14e93abafc7ba5f3b6c26') in 0.003461 seconds 
  Import took 0.005965 seconds .

========================================================================
Received Import Request.
  Time since last request: 0.031971 seconds.
  path: Assets/Scripts/EsineenPoiminta.cs
  artifactKey: Guid(48b3cd84d6486924d9fc6eb27d543257) Importer(815301076,1909f56bfc062723c751e8b465ee728b)
Start importing Assets/Scripts/EsineenPoiminta.cs using Guid(48b3cd84d6486924d9fc6eb27d543257) Importer(815301076,1909f56bfc062723c751e8b465ee728b)  -> (artifact id: '8412164e14b14e93abafc7ba5f3b6c26') in 0.001411 seconds 
  Import took 0.003911 seconds .

========================================================================
Received Prepare
Registering precompiled user dll's ...
Registered in 0.004099 seconds.
Begin MonoManager ReloadAssembly
Native extension for WindowsStandalone target not found
Refreshing native plugins compatible for Editor in 0.94 ms, found 2 plugins.
Preloading 0 native plugins for Editor in 0.00 ms.
Mono: successfully reloaded assembly
- Completed reload, in  0.954 seconds
Domain Reload Profiling:
	ReloadAssembly (954ms)
		BeginReloadAssembly (155ms)
			ExecutionOrderSort (0ms)
			DisableScriptedObjects (7ms)
			BackupInstance (0ms)
			ReleaseScriptingObjects (0ms)
			CreateAndSetChildDomain (36ms)
		EndReloadAssembly (743ms)
			LoadAssemblies (70ms)
			RebuildTransferFunctionScriptingTraits (0ms)
			SetupTypeCache (228ms)
			ReleaseScriptCaches (1ms)
			RebuildScriptCaches (31ms)
			SetupLoadedEditorAssemblies (331ms)
				LogAssemblyErrors (0ms)
				InitializePlatformSupportModulesInManaged (4ms)
				SetLoadedEditorAssemblies (0ms)
				RefreshPlugins (1ms)
				BeforeProcessingInitializeOnLoad (45ms)
				ProcessInitializeOnLoadAttributes (251ms)
				ProcessInitializeOnLoadMethodAttributes (25ms)
				AfterProcessingInitializeOnLoad (4ms)
				EditorAssembliesLoaded (0ms)
			ExecutionOrderSort2 (0ms)
			AwakeInstancesAfterBackupRestoration (6ms)
Platform modules already initialized, skipping
Refreshing native plugins compatible for Editor in 0.76 ms, found 2 plugins.
Preloading 0 native plugins for Editor in 0.00 ms.
Unloading 1968 Unused Serialized files (Serialized files now loaded: 0)
System memory in use before: 86.2 MB.
System memory in use after: 86.3 MB.

Unloading 49 unused Assets to reduce memory usage. Loaded Objects now: 2392.
Total: 4.755700 ms (FindLiveObjects: 0.152600 ms CreateObjectMapping: 0.057000 ms MarkObjects: 4.518700 ms  DeleteObjects: 0.025600 ms)

AssetImportParameters requested are different than current active one (requested -> active):
  custom:framework-win-MediaFoundation: 216162199b28c13a410421893ffa2e32 -> 
  custom:video-decoder-ogg-theora: a1e56fd34408186e4bbccfd4996cb3dc -> 
  custom:container-muxer-webm: aa71ff27fc2769a1b78a27578f13a17b -> 
  custom:container-demuxer-webm: 4f35f7cbe854078d1ac9338744f61a02 -> 
  custom:container-demuxer-ogg: 62fdf1f143b41e24485cea50d1cbac27 -> 
  custom:video-encoder-webm-vp8: eb34c28f22e8b96e1ab97ce403110664 -> 
  custom:video-decoder-webm-vp8: 9c59270c3fd7afecdb556c50c9e8de78 -> 
  custom:audio-decoder-ogg-vorbis: bf7c407c2cedff20999df2af8eb42d56 -> 
  custom:audio-encoder-webm-vorbis: bf7c407c2cedff20999df2af8eb42d56 -> 
========================================================================
Received Prepare
Registering precompiled user dll's ...
Registered in 0.003545 seconds.
Begin MonoManager ReloadAssembly
Native extension for WindowsStandalone target not found
Refreshing native plugins compatible for Editor in 0.71 ms, found 2 plugins.
Preloading 0 native plugins for Editor in 0.00 ms.
Mono: successfully reloaded assembly
- Completed reload, in  0.870 seconds
Domain Reload Profiling:
	ReloadAssembly (870ms)
		BeginReloadAssembly (93ms)
			ExecutionOrderSort (0ms)
			DisableScriptedObjects (5ms)
			BackupInstance (0ms)
			ReleaseScriptingObjects (0ms)
			CreateAndSetChildDomain (25ms)
		EndReloadAssembly (722ms)
			LoadAssemblies (66ms)
			RebuildTransferFunctionScriptingTraits (0ms)
			SetupTypeCache (221ms)
			ReleaseScriptCaches (1ms)
			RebuildScriptCaches (31ms)
			SetupLoadedEditorAssemblies (320ms)
				LogAssemblyErrors (0ms)
				InitializePlatformSupportModulesInManaged (4ms)
				SetLoadedEditorAssemblies (0ms)
				RefreshPlugins (1ms)
				BeforeProcessingInitializeOnLoad (44ms)
				ProcessInitializeOnLoadAttributes (240ms)
				ProcessInitializeOnLoadMethodAttributes (27ms)
				AfterProcessingInitializeOnLoad (4ms)
				EditorAssembliesLoaded (0ms)
			ExecutionOrderSort2 (0ms)
			AwakeInstancesAfterBackupRestoration (6ms)
Platform modules already initialized, skipping
Refreshing native plugins compatible for Editor in 0.70 ms, found 2 plugins.
Preloading 0 native plugins for Editor in 0.00 ms.
Unloading 1968 Unused Serialized files (Serialized files now loaded: 0)
System memory in use before: 86.2 MB.
System memory in use after: 86.3 MB.

Unloading 49 unused Assets to reduce memory usage. Loaded Objects now: 2394.
Total: 4.636400 ms (FindLiveObjects: 0.140700 ms CreateObjectMapping: 0.054300 ms MarkObjects: 4.417900 ms  DeleteObjects: 0.022600 ms)

AssetImportParameters requested are different than current active one (requested -> active):
  custom:framework-win-MediaFoundation: 216162199b28c13a410421893ffa2e32 -> 
  custom:video-decoder-ogg-theora: a1e56fd34408186e4bbccfd4996cb3dc -> 
  custom:container-muxer-webm: aa71ff27fc2769a1b78a27578f13a17b -> 
  custom:container-demuxer-webm: 4f35f7cbe854078d1ac9338744f61a02 -> 
  custom:container-demuxer-ogg: 62fdf1f143b41e24485cea50d1cbac27 -> 
  custom:video-encoder-webm-vp8: eb34c28f22e8b96e1ab97ce403110664 -> 
  custom:video-decoder-webm-vp8: 9c59270c3fd7afecdb556c50c9e8de78 -> 
  custom:audio-decoder-ogg-vorbis: bf7c407c2cedff20999df2af8eb42d56 -> 
  custom:audio-encoder-webm-vorbis: bf7c407c2cedff20999df2af8eb42d56 -> 
========================================================================
Received Prepare
Registering precompiled user dll's ...
Registered in 0.003576 seconds.
Begin MonoManager ReloadAssembly
Native extension for WindowsStandalone target not found
Refreshing native plugins compatible for Editor in 0.72 ms, found 2 plugins.
Preloading 0 native plugins for Editor in 0.00 ms.
Mono: successfully reloaded assembly
- Completed reload, in  0.838 seconds
Domain Reload Profiling:
	ReloadAssembly (838ms)
		BeginReloadAssembly (87ms)
			ExecutionOrderSort (0ms)
			DisableScriptedObjects (4ms)
			BackupInstance (0ms)
			ReleaseScriptingObjects (0ms)
			CreateAndSetChildDomain (25ms)
		EndReloadAssembly (702ms)
			LoadAssemblies (65ms)
			RebuildTransferFunctionScriptingTraits (0ms)
			SetupTypeCache (211ms)
			ReleaseScriptCaches (1ms)
			RebuildScriptCaches (30ms)
			SetupLoadedEditorAssemblies (313ms)
				LogAssemblyErrors (0ms)
				InitializePlatformSupportModulesInManaged (4ms)
				SetLoadedEditorAssemblies (0ms)
				RefreshPlugins (1ms)
				BeforeProcessingInitializeOnLoad (43ms)
				ProcessInitializeOnLoadAttributes (235ms)
				ProcessInitializeOnLoadMethodAttributes (25ms)
				AfterProcessingInitializeOnLoad (5ms)
				EditorAssembliesLoaded (0ms)
			ExecutionOrderSort2 (0ms)
			AwakeInstancesAfterBackupRestoration (6ms)
Platform modules already initialized, skipping
Refreshing native plugins compatible for Editor in 0.71 ms, found 2 plugins.
Preloading 0 native plugins for Editor in 0.00 ms.
Unloading 1968 Unused Serialized files (Serialized files now loaded: 0)
System memory in use before: 86.2 MB.
System memory in use after: 86.3 MB.

Unloading 49 unused Assets to reduce memory usage. Loaded Objects now: 2396.
Total: 4.435200 ms (FindLiveObjects: 0.138100 ms CreateObjectMapping: 0.055700 ms MarkObjects: 4.217500 ms  DeleteObjects: 0.023000 ms)

AssetImportParameters requested are different than current active one (requested -> active):
  custom:framework-win-MediaFoundation: 216162199b28c13a410421893ffa2e32 -> 
  custom:video-decoder-ogg-theora: a1e56fd34408186e4bbccfd4996cb3dc -> 
  custom:container-muxer-webm: aa71ff27fc2769a1b78a27578f13a17b -> 
  custom:container-demuxer-webm: 4f35f7cbe854078d1ac9338744f61a02 -> 
  custom:container-demuxer-ogg: 62fdf1f143b41e24485cea50d1cbac27 -> 
  custom:video-encoder-webm-vp8: eb34c28f22e8b96e1ab97ce403110664 -> 
  custom:video-decoder-webm-vp8: 9c59270c3fd7afecdb556c50c9e8de78 -> 
  custom:audio-decoder-ogg-vorbis: bf7c407c2cedff20999df2af8eb42d56 -> 
  custom:audio-encoder-webm-vorbis: bf7c407c2cedff20999df2af8eb42d56 -> 
========================================================================
Received Prepare
Registering precompiled user dll's ...
Registered in 0.003580 seconds.
Begin MonoManager ReloadAssembly
Native extension for WindowsStandalone target not found
Refreshing native plugins compatible for Editor in 0.72 ms, found 2 plugins.
Preloading 0 native plugins for Editor in 0.00 ms.
Mono: successfully reloaded assembly
- Completed reload, in  0.886 seconds
Domain Reload Profiling:
	ReloadAssembly (887ms)
		BeginReloadAssembly (92ms)
			ExecutionOrderSort (0ms)
			DisableScriptedObjects (5ms)
			BackupInstance (0ms)
			ReleaseScriptingObjects (0ms)
			CreateAndSetChildDomain (26ms)
		EndReloadAssembly (742ms)
			LoadAssemblies (75ms)
			RebuildTransferFunctionScriptingTraits (0ms)
			SetupTypeCache (229ms)
			ReleaseScriptCaches (1ms)
			RebuildScriptCaches (30ms)
			SetupLoadedEditorAssemblies (324ms)
				LogAssemblyErrors (0ms)
				InitializePlatformSupportModulesInManaged (4ms)
				SetLoadedEditorAssemblies (0ms)
				RefreshPlugins (1ms)
				BeforeProcessingInitializeOnLoad (45ms)
				ProcessInitializeOnLoadAttributes (243ms)
				ProcessInitializeOnLoadMethodAttributes (26ms)
				AfterProcessingInitializeOnLoad (5ms)
				EditorAssembliesLoaded (0ms)
			ExecutionOrderSort2 (0ms)
			AwakeInstancesAfterBackupRestoration (6ms)
Platform modules already initialized, skipping
Refreshing native plugins compatible for Editor in 0.72 ms, found 2 plugins.
Preloading 0 native plugins for Editor in 0.00 ms.
Unloading 1968 Unused Serialized files (Serialized files now loaded: 0)
System memory in use before: 86.2 MB.
System memory in use after: 86.3 MB.

Unloading 49 unused Assets to reduce memory usage. Loaded Objects now: 2398.
Total: 4.737600 ms (FindLiveObjects: 0.145400 ms CreateObjectMapping: 0.064600 ms MarkObjects: 4.504000 ms  DeleteObjects: 0.022500 ms)

AssetImportParameters requested are different than current active one (requested -> active):
  custom:framework-win-MediaFoundation: 216162199b28c13a410421893ffa2e32 -> 
  custom:video-decoder-ogg-theora: a1e56fd34408186e4bbccfd4996cb3dc -> 
  custom:container-muxer-webm: aa71ff27fc2769a1b78a27578f13a17b -> 
  custom:container-demuxer-webm: 4f35f7cbe854078d1ac9338744f61a02 -> 
  custom:container-demuxer-ogg: 62fdf1f143b41e24485cea50d1cbac27 -> 
  custom:video-encoder-webm-vp8: eb34c28f22e8b96e1ab97ce403110664 -> 
  custom:video-decoder-webm-vp8: 9c59270c3fd7afecdb556c50c9e8de78 -> 
  custom:audio-decoder-ogg-vorbis: bf7c407c2cedff20999df2af8eb42d56 -> 
  custom:audio-encoder-webm-vorbis: bf7c407c2cedff20999df2af8eb42d56 -> 
========================================================================
Received Prepare
Registering precompiled user dll's ...
Registered in 0.004533 seconds.
Begin MonoManager ReloadAssembly
Native extension for WindowsStandalone target not found
Refreshing native plugins compatible for Editor in 0.73 ms, found 2 plugins.
Preloading 0 native plugins for Editor in 0.00 ms.
Mono: successfully reloaded assembly
- Completed reload, in  0.873 seconds
Domain Reload Profiling:
	ReloadAssembly (873ms)
		BeginReloadAssembly (92ms)
			ExecutionOrderSort (0ms)
			DisableScriptedObjects (5ms)
			BackupInstance (0ms)
			ReleaseScriptingObjects (0ms)
			CreateAndSetChildDomain (27ms)
		EndReloadAssembly (730ms)
			LoadAssemblies (70ms)
			RebuildTransferFunctionScriptingTraits (0ms)
			SetupTypeCache (226ms)
			ReleaseScriptCaches (1ms)
			RebuildScriptCaches (30ms)
			SetupLoadedEditorAssemblies (319ms)
				LogAssemblyErrors (0ms)
				InitializePlatformSupportModulesInManaged (4ms)
				SetLoadedEditorAssemblies (0ms)
				RefreshPlugins (1ms)
				BeforeProcessingInitializeOnLoad (45ms)
				ProcessInitializeOnLoadAttributes (239ms)
				ProcessInitializeOnLoadMethodAttributes (25ms)
				AfterProcessingInitializeOnLoad (4ms)
				EditorAssembliesLoaded (0ms)
			ExecutionOrderSort2 (0ms)
			AwakeInstancesAfterBackupRestoration (6ms)
Platform modules already initialized, skipping
Refreshing native plugins compatible for Editor in 0.75 ms, found 2 plugins.
Preloading 0 native plugins for Editor in 0.00 ms.
Unloading 1968 Unused Serialized files (Serialized files now loaded: 0)
System memory in use before: 86.2 MB.
System memory in use after: 86.3 MB.

Unloading 49 unused Assets to reduce memory usage. Loaded Objects now: 2400.
Total: 5.019600 ms (FindLiveObjects: 0.161300 ms CreateObjectMapping: 0.070100 ms MarkObjects: 4.763600 ms  DeleteObjects: 0.023600 ms)

AssetImportParameters requested are different than current active one (requested -> active):
  custom:framework-win-MediaFoundation: 216162199b28c13a410421893ffa2e32 -> 
  custom:video-decoder-ogg-theora: a1e56fd34408186e4bbccfd4996cb3dc -> 
  custom:container-muxer-webm: aa71ff27fc2769a1b78a27578f13a17b -> 
  custom:container-demuxer-webm: 4f35f7cbe854078d1ac9338744f61a02 -> 
  custom:container-demuxer-ogg: 62fdf1f143b41e24485cea50d1cbac27 -> 
  custom:video-encoder-webm-vp8: eb34c28f22e8b96e1ab97ce403110664 -> 
  custom:video-decoder-webm-vp8: 9c59270c3fd7afecdb556c50c9e8de78 -> 
  custom:audio-decoder-ogg-vorbis: bf7c407c2cedff20999df2af8eb42d56 -> 
  custom:audio-encoder-webm-vorbis: bf7c407c2cedff20999df2af8eb42d56 -> 
========================================================================
Received Prepare
Registering precompiled user dll's ...
Registered in 0.003509 seconds.
Begin MonoManager ReloadAssembly
Native extension for WindowsStandalone target not found
Refreshing native plugins compatible for Editor in 0.71 ms, found 2 plugins.
Preloading 0 native plugins for Editor in 0.00 ms.
Mono: successfully reloaded assembly
- Completed reload, in  0.868 seconds
Domain Reload Profiling:
	ReloadAssembly (868ms)
		BeginReloadAssembly (98ms)
			ExecutionOrderSort (0ms)
			DisableScriptedObjects (5ms)
			BackupInstance (0ms)
			ReleaseScriptingObjects (0ms)
			CreateAndSetChildDomain (25ms)
		EndReloadAssembly (721ms)
			LoadAssemblies (67ms)
			RebuildTransferFunctionScriptingTraits (0ms)
			SetupTypeCache (219ms)
			ReleaseScriptCaches (1ms)
			RebuildScriptCaches (29ms)
			SetupLoadedEditorAssemblies (316ms)
				LogAssemblyErrors (0ms)
				InitializePlatformSupportModulesInManaged (4ms)
				SetLoadedEditorAssemblies (0ms)
				RefreshPlugins (1ms)
				BeforeProcessingInitializeOnLoad (44ms)
				ProcessInitializeOnLoadAttributes (235ms)
				ProcessInitializeOnLoadMethodAttributes (27ms)
				AfterProcessingInitializeOnLoad (4ms)
				EditorAssembliesLoaded (0ms)
			ExecutionOrderSort2 (0ms)
			AwakeInstancesAfterBackupRestoration (6ms)
Platform modules already initialized, skipping
Refreshing native plugins compatible for Editor in 0.83 ms, found 2 plugins.
Preloading 0 native plugins for Editor in 0.00 ms.
Unloading 1968 Unused Serialized files (Serialized files now loaded: 0)
System memory in use before: 86.2 MB.
System memory in use after: 86.3 MB.

Unloading 49 unused Assets to reduce memory usage. Loaded Objects now: 2402.
Total: 5.047300 ms (FindLiveObjects: 0.139000 ms CreateObjectMapping: 0.053600 ms MarkObjects: 4.816300 ms  DeleteObjects: 0.036800 ms)

AssetImportParameters requested are different than current active one (requested -> active):
  custom:framework-win-MediaFoundation: 216162199b28c13a410421893ffa2e32 -> 
  custom:video-decoder-ogg-theora: a1e56fd34408186e4bbccfd4996cb3dc -> 
  custom:container-muxer-webm: aa71ff27fc2769a1b78a27578f13a17b -> 
  custom:container-demuxer-webm: 4f35f7cbe854078d1ac9338744f61a02 -> 
  custom:container-demuxer-ogg: 62fdf1f143b41e24485cea50d1cbac27 -> 
  custom:video-encoder-webm-vp8: eb34c28f22e8b96e1ab97ce403110664 -> 
  custom:video-decoder-webm-vp8: 9c59270c3fd7afecdb556c50c9e8de78 -> 
  custom:audio-decoder-ogg-vorbis: bf7c407c2cedff20999df2af8eb42d56 -> 
  custom:audio-encoder-webm-vorbis: bf7c407c2cedff20999df2af8eb42d56 -> 
========================================================================
Received Prepare
Registering precompiled user dll's ...
Registered in 0.004183 seconds.
Begin MonoManager ReloadAssembly
Native extension for WindowsStandalone target not found
Refreshing native plugins compatible for Editor in 0.80 ms, found 2 plugins.
Preloading 0 native plugins for Editor in 0.00 ms.
Mono: successfully reloaded assembly
- Completed reload, in  0.866 seconds
Domain Reload Profiling:
	ReloadAssembly (866ms)
		BeginReloadAssembly (88ms)
			ExecutionOrderSort (0ms)
			DisableScriptedObjects (5ms)
			BackupInstance (0ms)
			ReleaseScriptingObjects (0ms)
			CreateAndSetChildDomain (24ms)
		EndReloadAssembly (728ms)
			LoadAssemblies (65ms)
			RebuildTransferFunctionScriptingTraits (0ms)
			SetupTypeCache (219ms)
			ReleaseScriptCaches (1ms)
			RebuildScriptCaches (31ms)
			SetupLoadedEditorAssemblies (327ms)
				LogAssemblyErrors (0ms)
				InitializePlatformSupportModulesInManaged (4ms)
				SetLoadedEditorAssemblies (0ms)
				RefreshPlugins (1ms)
				BeforeProcessingInitializeOnLoad (46ms)
				ProcessInitializeOnLoadAttributes (244ms)
				ProcessInitializeOnLoadMethodAttributes (28ms)
				AfterProcessingInitializeOnLoad (4ms)
				EditorAssembliesLoaded (0ms)
			ExecutionOrderSort2 (0ms)
			AwakeInstancesAfterBackupRestoration (6ms)
Platform modules already initialized, skipping
Refreshing native plugins compatible for Editor in 0.73 ms, found 2 plugins.
Preloading 0 native plugins for Editor in 0.00 ms.
Unloading 1968 Unused Serialized files (Serialized files now loaded: 0)
System memory in use before: 86.2 MB.
System memory in use after: 86.3 MB.

Unloading 49 unused Assets to reduce memory usage. Loaded Objects now: 2404.
Total: 4.756000 ms (FindLiveObjects: 0.143200 ms CreateObjectMapping: 0.060800 ms MarkObjects: 4.520800 ms  DeleteObjects: 0.030200 ms)

AssetImportParameters requested are different than current active one (requested -> active):
  custom:framework-win-MediaFoundation: 216162199b28c13a410421893ffa2e32 -> 
  custom:video-decoder-ogg-theora: a1e56fd34408186e4bbccfd4996cb3dc -> 
  custom:container-muxer-webm: aa71ff27fc2769a1b78a27578f13a17b -> 
  custom:container-demuxer-webm: 4f35f7cbe854078d1ac9338744f61a02 -> 
  custom:container-demuxer-ogg: 62fdf1f143b41e24485cea50d1cbac27 -> 
  custom:video-encoder-webm-vp8: eb34c28f22e8b96e1ab97ce403110664 -> 
  custom:video-decoder-webm-vp8: 9c59270c3fd7afecdb556c50c9e8de78 -> 
  custom:audio-decoder-ogg-vorbis: bf7c407c2cedff20999df2af8eb42d56 -> 
  custom:audio-encoder-webm-vorbis: bf7c407c2cedff20999df2af8eb42d56 -> 
========================================================================
Received Prepare
Registering precompiled user dll's ...
Registered in 0.004033 seconds.
Begin MonoManager ReloadAssembly
Native extension for WindowsStandalone target not found
Refreshing native plugins compatible for Editor in 0.88 ms, found 2 plugins.
Preloading 0 native plugins for Editor in 0.00 ms.
Mono: successfully reloaded assembly
- Completed reload, in  0.873 seconds
Domain Reload Profiling:
	ReloadAssembly (873ms)
		BeginReloadAssembly (93ms)
			ExecutionOrderSort (0ms)
			DisableScriptedObjects (5ms)
			BackupInstance (0ms)
			ReleaseScriptingObjects (0ms)
			CreateAndSetChildDomain (25ms)
		EndReloadAssembly (731ms)
			LoadAssemblies (67ms)
			RebuildTransferFunctionScriptingTraits (0ms)
			SetupTypeCache (211ms)
			ReleaseScriptCaches (1ms)
			RebuildScriptCaches (31ms)
			SetupLoadedEditorAssemblies (338ms)
				LogAssemblyErrors (0ms)
				InitializePlatformSupportModulesInManaged (5ms)
				SetLoadedEditorAssemblies (0ms)
				RefreshPlugins (1ms)
				BeforeProcessingInitializeOnLoad (48ms)
				ProcessInitializeOnLoadAttributes (253ms)
				ProcessInitializeOnLoadMethodAttributes (27ms)
				AfterProcessingInitializeOnLoad (4ms)
				EditorAssembliesLoaded (0ms)
			ExecutionOrderSort2 (0ms)
			AwakeInstancesAfterBackupRestoration (6ms)
Platform modules already initialized, skipping
Refreshing native plugins compatible for Editor in 0.71 ms, found 2 plugins.
Preloading 0 native plugins for Editor in 0.00 ms.
Unloading 1968 Unused Serialized files (Serialized files now loaded: 0)
System memory in use before: 86.2 MB.
System memory in use after: 86.3 MB.

Unloading 49 unused Assets to reduce memory usage. Loaded Objects now: 2406.
Total: 4.513900 ms (FindLiveObjects: 0.130100 ms CreateObjectMapping: 0.052000 ms MarkObjects: 4.308700 ms  DeleteObjects: 0.022200 ms)

AssetImportParameters requested are different than current active one (requested -> active):
  custom:framework-win-MediaFoundation: 216162199b28c13a410421893ffa2e32 -> 
  custom:video-decoder-ogg-theora: a1e56fd34408186e4bbccfd4996cb3dc -> 
  custom:container-muxer-webm: aa71ff27fc2769a1b78a27578f13a17b -> 
  custom:container-demuxer-webm: 4f35f7cbe854078d1ac9338744f61a02 -> 
  custom:container-demuxer-ogg: 62fdf1f143b41e24485cea50d1cbac27 -> 
  custom:video-encoder-webm-vp8: eb34c28f22e8b96e1ab97ce403110664 -> 
  custom:video-decoder-webm-vp8: 9c59270c3fd7afecdb556c50c9e8de78 -> 
  custom:audio-decoder-ogg-vorbis: bf7c407c2cedff20999df2af8eb42d56 -> 
  custom:audio-encoder-webm-vorbis: bf7c407c2cedff20999df2af8eb42d56 -> 
========================================================================
Received Import Request.
  Time since last request: 576.329494 seconds.
  path: Assets/Scripts/CombatBarHandler.cs
  artifactKey: Guid(c84701a5f9ea9e941a798f8d0321445f) Importer(815301076,1909f56bfc062723c751e8b465ee728b)
Start importing Assets/Scripts/CombatBarHandler.cs using Guid(c84701a5f9ea9e941a798f8d0321445f) Importer(815301076,1909f56bfc062723c751e8b465ee728b)  -> (artifact id: 'b4ae0572a129c5454e9c80ba9333f323') in 0.003281 seconds 
  Import took 0.005636 seconds .

========================================================================
Received Import Request.
  Time since last request: 68.632103 seconds.
  path: Assets/Scripts/CombatBarHandler.cs
  artifactKey: Guid(c84701a5f9ea9e941a798f8d0321445f) Importer(815301076,1909f56bfc062723c751e8b465ee728b)
Start importing Assets/Scripts/CombatBarHandler.cs using Guid(c84701a5f9ea9e941a798f8d0321445f) Importer(815301076,1909f56bfc062723c751e8b465ee728b)  -> (artifact id: '8fe36dd7321cd88c97a15bf40b86fd71') in 0.001290 seconds 
  Import took 0.003690 seconds .

========================================================================
Received Prepare
Registering precompiled user dll's ...
Registered in 0.003605 seconds.
Begin MonoManager ReloadAssembly
Native extension for WindowsStandalone target not found
Refreshing native plugins compatible for Editor in 0.66 ms, found 2 plugins.
Preloading 0 native plugins for Editor in 0.00 ms.
Mono: successfully reloaded assembly
- Completed reload, in  0.855 seconds
Domain Reload Profiling:
	ReloadAssembly (855ms)
		BeginReloadAssembly (84ms)
			ExecutionOrderSort (0ms)
			DisableScriptedObjects (5ms)
			BackupInstance (0ms)
			ReleaseScriptingObjects (0ms)
			CreateAndSetChildDomain (25ms)
		EndReloadAssembly (718ms)
			LoadAssemblies (67ms)
			RebuildTransferFunctionScriptingTraits (0ms)
			SetupTypeCache (220ms)
			ReleaseScriptCaches (1ms)
			RebuildScriptCaches (29ms)
			SetupLoadedEditorAssemblies (318ms)
				LogAssemblyErrors (0ms)
				InitializePlatformSupportModulesInManaged (4ms)
				SetLoadedEditorAssemblies (0ms)
				RefreshPlugins (1ms)
				BeforeProcessingInitializeOnLoad (47ms)
				ProcessInitializeOnLoadAttributes (235ms)
				ProcessInitializeOnLoadMethodAttributes (26ms)
				AfterProcessingInitializeOnLoad (4ms)
				EditorAssembliesLoaded (0ms)
			ExecutionOrderSort2 (0ms)
			AwakeInstancesAfterBackupRestoration (6ms)
Platform modules already initialized, skipping
Refreshing native plugins compatible for Editor in 0.73 ms, found 2 plugins.
Preloading 0 native plugins for Editor in 0.00 ms.
Unloading 1968 Unused Serialized files (Serialized files now loaded: 0)
System memory in use before: 86.2 MB.
System memory in use after: 86.4 MB.

Unloading 49 unused Assets to reduce memory usage. Loaded Objects now: 2408.
Total: 4.492100 ms (FindLiveObjects: 0.136400 ms CreateObjectMapping: 0.051400 ms MarkObjects: 4.279000 ms  DeleteObjects: 0.024400 ms)

AssetImportParameters requested are different than current active one (requested -> active):
  custom:framework-win-MediaFoundation: 216162199b28c13a410421893ffa2e32 -> 
  custom:video-decoder-ogg-theora: a1e56fd34408186e4bbccfd4996cb3dc -> 
  custom:container-muxer-webm: aa71ff27fc2769a1b78a27578f13a17b -> 
  custom:container-demuxer-webm: 4f35f7cbe854078d1ac9338744f61a02 -> 
  custom:container-demuxer-ogg: 62fdf1f143b41e24485cea50d1cbac27 -> 
  custom:video-encoder-webm-vp8: eb34c28f22e8b96e1ab97ce403110664 -> 
  custom:video-decoder-webm-vp8: 9c59270c3fd7afecdb556c50c9e8de78 -> 
  custom:audio-decoder-ogg-vorbis: bf7c407c2cedff20999df2af8eb42d56 -> 
  custom:audio-encoder-webm-vorbis: bf7c407c2cedff20999df2af8eb42d56 -> 
========================================================================
Received Import Request.
  Time since last request: 18.676706 seconds.
  path: Assets/Scripts/CombatBarHandler.cs
  artifactKey: Guid(c84701a5f9ea9e941a798f8d0321445f) Importer(815301076,1909f56bfc062723c751e8b465ee728b)
Start importing Assets/Scripts/CombatBarHandler.cs using Guid(c84701a5f9ea9e941a798f8d0321445f) Importer(815301076,1909f56bfc062723c751e8b465ee728b)  -> (artifact id: '917d98b2cf236bb72fd64f6e5dfa41f8') in 0.003370 seconds 
  Import took 0.005962 seconds .

========================================================================
Received Import Request.
  Time since last request: 0.001274 seconds.
  path: Assets/Scripts/CombatBarHandler.cs
  artifactKey: Guid(c84701a5f9ea9e941a798f8d0321445f) Importer(815301076,1909f56bfc062723c751e8b465ee728b)
Start importing Assets/Scripts/CombatBarHandler.cs using Guid(c84701a5f9ea9e941a798f8d0321445f) Importer(815301076,1909f56bfc062723c751e8b465ee728b)  -> (artifact id: '917d98b2cf236bb72fd64f6e5dfa41f8') in 0.001254 seconds 
  Import took 0.003590 seconds .

========================================================================
Received Prepare
Registering precompiled user dll's ...
Registered in 0.003780 seconds.
Begin MonoManager ReloadAssembly
Native extension for WindowsStandalone target not found
Refreshing native plugins compatible for Editor in 0.79 ms, found 2 plugins.
Preloading 0 native plugins for Editor in 0.00 ms.
Mono: successfully reloaded assembly
- Completed reload, in  0.840 seconds
Domain Reload Profiling:
	ReloadAssembly (840ms)
		BeginReloadAssembly (80ms)
			ExecutionOrderSort (0ms)
			DisableScriptedObjects (4ms)
			BackupInstance (0ms)
			ReleaseScriptingObjects (0ms)
			CreateAndSetChildDomain (24ms)
		EndReloadAssembly (709ms)
			LoadAssemblies (66ms)
			RebuildTransferFunctionScriptingTraits (0ms)
			SetupTypeCache (216ms)
			ReleaseScriptCaches (1ms)
			RebuildScriptCaches (30ms)
			SetupLoadedEditorAssemblies (315ms)
				LogAssemblyErrors (0ms)
				InitializePlatformSupportModulesInManaged (4ms)
				SetLoadedEditorAssemblies (0ms)
				RefreshPlugins (1ms)
				BeforeProcessingInitializeOnLoad (44ms)
				ProcessInitializeOnLoadAttributes (237ms)
				ProcessInitializeOnLoadMethodAttributes (25ms)
				AfterProcessingInitializeOnLoad (4ms)
				EditorAssembliesLoaded (0ms)
			ExecutionOrderSort2 (0ms)
			AwakeInstancesAfterBackupRestoration (6ms)
Platform modules already initialized, skipping
Refreshing native plugins compatible for Editor in 0.71 ms, found 2 plugins.
Preloading 0 native plugins for Editor in 0.00 ms.
Unloading 1968 Unused Serialized files (Serialized files now loaded: 0)
System memory in use before: 86.3 MB.
System memory in use after: 86.4 MB.

Unloading 49 unused Assets to reduce memory usage. Loaded Objects now: 2410.
Total: 5.054800 ms (FindLiveObjects: 0.156100 ms CreateObjectMapping: 0.060100 ms MarkObjects: 4.816300 ms  DeleteObjects: 0.021500 ms)

AssetImportParameters requested are different than current active one (requested -> active):
  custom:framework-win-MediaFoundation: 216162199b28c13a410421893ffa2e32 -> 
  custom:video-decoder-ogg-theora: a1e56fd34408186e4bbccfd4996cb3dc -> 
  custom:container-muxer-webm: aa71ff27fc2769a1b78a27578f13a17b -> 
  custom:container-demuxer-webm: 4f35f7cbe854078d1ac9338744f61a02 -> 
  custom:container-demuxer-ogg: 62fdf1f143b41e24485cea50d1cbac27 -> 
  custom:video-encoder-webm-vp8: eb34c28f22e8b96e1ab97ce403110664 -> 
  custom:video-decoder-webm-vp8: 9c59270c3fd7afecdb556c50c9e8de78 -> 
  custom:audio-decoder-ogg-vorbis: bf7c407c2cedff20999df2af8eb42d56 -> 
  custom:audio-encoder-webm-vorbis: bf7c407c2cedff20999df2af8eb42d56 -> 
========================================================================
Received Import Request.
  Time since last request: 71.339537 seconds.
  path: Assets/Scripts/CombatBarHandler.cs
  artifactKey: Guid(c84701a5f9ea9e941a798f8d0321445f) Importer(815301076,1909f56bfc062723c751e8b465ee728b)
Start importing Assets/Scripts/CombatBarHandler.cs using Guid(c84701a5f9ea9e941a798f8d0321445f) Importer(815301076,1909f56bfc062723c751e8b465ee728b)  -> (artifact id: '13ae1d38720dee8cc55955258ba048c4') in 0.003375 seconds 
  Import took 0.005721 seconds .

========================================================================
Received Prepare
Registering precompiled user dll's ...
Registered in 0.003762 seconds.
Begin MonoManager ReloadAssembly
Native extension for WindowsStandalone target not found
Refreshing native plugins compatible for Editor in 0.73 ms, found 2 plugins.
Preloading 0 native plugins for Editor in 0.00 ms.
Mono: successfully reloaded assembly
- Completed reload, in  0.860 seconds
Domain Reload Profiling:
	ReloadAssembly (861ms)
		BeginReloadAssembly (96ms)
			ExecutionOrderSort (0ms)
			DisableScriptedObjects (5ms)
			BackupInstance (0ms)
			ReleaseScriptingObjects (0ms)
			CreateAndSetChildDomain (25ms)
		EndReloadAssembly (714ms)
			LoadAssemblies (66ms)
			RebuildTransferFunctionScriptingTraits (0ms)
			SetupTypeCache (216ms)
			ReleaseScriptCaches (1ms)
			RebuildScriptCaches (29ms)
			SetupLoadedEditorAssemblies (320ms)
				LogAssemblyErrors (0ms)
				InitializePlatformSupportModulesInManaged (4ms)
				SetLoadedEditorAssemblies (0ms)
				RefreshPlugins (1ms)
				BeforeProcessingInitializeOnLoad (43ms)
				ProcessInitializeOnLoadAttributes (240ms)
				ProcessInitializeOnLoadMethodAttributes (26ms)
				AfterProcessingInitializeOnLoad (5ms)
				EditorAssembliesLoaded (0ms)
			ExecutionOrderSort2 (0ms)
			AwakeInstancesAfterBackupRestoration (7ms)
Platform modules already initialized, skipping
Refreshing native plugins compatible for Editor in 0.73 ms, found 2 plugins.
Preloading 0 native plugins for Editor in 0.00 ms.
Unloading 1968 Unused Serialized files (Serialized files now loaded: 0)
System memory in use before: 86.3 MB.
System memory in use after: 86.4 MB.

Unloading 49 unused Assets to reduce memory usage. Loaded Objects now: 2412.
Total: 4.329400 ms (FindLiveObjects: 0.141400 ms CreateObjectMapping: 0.058500 ms MarkObjects: 4.109000 ms  DeleteObjects: 0.019800 ms)

AssetImportParameters requested are different than current active one (requested -> active):
  custom:framework-win-MediaFoundation: 216162199b28c13a410421893ffa2e32 -> 
  custom:video-decoder-ogg-theora: a1e56fd34408186e4bbccfd4996cb3dc -> 
  custom:container-muxer-webm: aa71ff27fc2769a1b78a27578f13a17b -> 
  custom:container-demuxer-webm: 4f35f7cbe854078d1ac9338744f61a02 -> 
  custom:container-demuxer-ogg: 62fdf1f143b41e24485cea50d1cbac27 -> 
  custom:video-encoder-webm-vp8: eb34c28f22e8b96e1ab97ce403110664 -> 
  custom:video-decoder-webm-vp8: 9c59270c3fd7afecdb556c50c9e8de78 -> 
  custom:audio-decoder-ogg-vorbis: bf7c407c2cedff20999df2af8eb42d56 -> 
  custom:audio-encoder-webm-vorbis: bf7c407c2cedff20999df2af8eb42d56 -> 
========================================================================
Received Import Request.
  Time since last request: 18.667339 seconds.
  path: Assets/Scripts/CombatBarHandler.cs
  artifactKey: Guid(c84701a5f9ea9e941a798f8d0321445f) Importer(815301076,1909f56bfc062723c751e8b465ee728b)
Start importing Assets/Scripts/CombatBarHandler.cs using Guid(c84701a5f9ea9e941a798f8d0321445f) Importer(815301076,1909f56bfc062723c751e8b465ee728b)  -> (artifact id: '721c222926fbc2e2696c7465df643d8c') in 0.003265 seconds 
  Import took 0.005699 seconds .

========================================================================
Received Import Request.
  Time since last request: 0.001457 seconds.
  path: Assets/Scripts/CombatBarHandler.cs
  artifactKey: Guid(c84701a5f9ea9e941a798f8d0321445f) Importer(815301076,1909f56bfc062723c751e8b465ee728b)
Start importing Assets/Scripts/CombatBarHandler.cs using Guid(c84701a5f9ea9e941a798f8d0321445f) Importer(815301076,1909f56bfc062723c751e8b465ee728b)  -> (artifact id: '721c222926fbc2e2696c7465df643d8c') in 0.001444 seconds 
  Import took 0.003712 seconds .

========================================================================
Received Prepare
Registering precompiled user dll's ...
Registered in 0.003697 seconds.
Begin MonoManager ReloadAssembly
Native extension for WindowsStandalone target not found
Refreshing native plugins compatible for Editor in 0.74 ms, found 2 plugins.
Preloading 0 native plugins for Editor in 0.00 ms.
Mono: successfully reloaded assembly
- Completed reload, in  0.859 seconds
Domain Reload Profiling:
	ReloadAssembly (860ms)
		BeginReloadAssembly (96ms)
			ExecutionOrderSort (0ms)
			DisableScriptedObjects (5ms)
			BackupInstance (0ms)
			ReleaseScriptingObjects (0ms)
			CreateAndSetChildDomain (25ms)
		EndReloadAssembly (712ms)
			LoadAssemblies (66ms)
			RebuildTransferFunctionScriptingTraits (0ms)
			SetupTypeCache (224ms)
			ReleaseScriptCaches (1ms)
			RebuildScriptCaches (29ms)
			SetupLoadedEditorAssemblies (311ms)
				LogAssemblyErrors (0ms)
				InitializePlatformSupportModulesInManaged (4ms)
				SetLoadedEditorAssemblies (0ms)
				RefreshPlugins (1ms)
				BeforeProcessingInitializeOnLoad (44ms)
				ProcessInitializeOnLoadAttributes (233ms)
				ProcessInitializeOnLoadMethodAttributes (25ms)
				AfterProcessingInitializeOnLoad (5ms)
				EditorAssembliesLoaded (0ms)
			ExecutionOrderSort2 (0ms)
			AwakeInstancesAfterBackupRestoration (5ms)
Platform modules already initialized, skipping
Refreshing native plugins compatible for Editor in 0.76 ms, found 2 plugins.
Preloading 0 native plugins for Editor in 0.00 ms.
Unloading 1968 Unused Serialized files (Serialized files now loaded: 0)
System memory in use before: 86.3 MB.
System memory in use after: 86.4 MB.

Unloading 49 unused Assets to reduce memory usage. Loaded Objects now: 2414.
Total: 4.619900 ms (FindLiveObjects: 0.135900 ms CreateObjectMapping: 0.054800 ms MarkObjects: 4.408500 ms  DeleteObjects: 0.019700 ms)

AssetImportParameters requested are different than current active one (requested -> active):
  custom:framework-win-MediaFoundation: 216162199b28c13a410421893ffa2e32 -> 
  custom:video-decoder-ogg-theora: a1e56fd34408186e4bbccfd4996cb3dc -> 
  custom:container-muxer-webm: aa71ff27fc2769a1b78a27578f13a17b -> 
  custom:container-demuxer-webm: 4f35f7cbe854078d1ac9338744f61a02 -> 
  custom:container-demuxer-ogg: 62fdf1f143b41e24485cea50d1cbac27 -> 
  custom:video-encoder-webm-vp8: eb34c28f22e8b96e1ab97ce403110664 -> 
  custom:video-decoder-webm-vp8: 9c59270c3fd7afecdb556c50c9e8de78 -> 
  custom:audio-decoder-ogg-vorbis: bf7c407c2cedff20999df2af8eb42d56 -> 
  custom:audio-encoder-webm-vorbis: bf7c407c2cedff20999df2af8eb42d56 -> 
========================================================================
Received Prepare
Registering precompiled user dll's ...
Registered in 0.003490 seconds.
Begin MonoManager ReloadAssembly
Native extension for WindowsStandalone target not found
Refreshing native plugins compatible for Editor in 0.79 ms, found 2 plugins.
Preloading 0 native plugins for Editor in 0.00 ms.
Mono: successfully reloaded assembly
- Completed reload, in  0.843 seconds
Domain Reload Profiling:
	ReloadAssembly (843ms)
		BeginReloadAssembly (81ms)
			ExecutionOrderSort (0ms)
			DisableScriptedObjects (5ms)
			BackupInstance (0ms)
			ReleaseScriptingObjects (0ms)
			CreateAndSetChildDomain (24ms)
		EndReloadAssembly (714ms)
			LoadAssemblies (65ms)
			RebuildTransferFunctionScriptingTraits (0ms)
			SetupTypeCache (216ms)
			ReleaseScriptCaches (1ms)
			RebuildScriptCaches (30ms)
			SetupLoadedEditorAssemblies (317ms)
				LogAssemblyErrors (0ms)
				InitializePlatformSupportModulesInManaged (5ms)
				SetLoadedEditorAssemblies (0ms)
				RefreshPlugins (1ms)
				BeforeProcessingInitializeOnLoad (49ms)
				ProcessInitializeOnLoadAttributes (232ms)
				ProcessInitializeOnLoadMethodAttributes (25ms)
				AfterProcessingInitializeOnLoad (4ms)
				EditorAssembliesLoaded (0ms)
			ExecutionOrderSort2 (0ms)
			AwakeInstancesAfterBackupRestoration (6ms)
Platform modules already initialized, skipping
Refreshing native plugins compatible for Editor in 0.72 ms, found 2 plugins.
Preloading 0 native plugins for Editor in 0.00 ms.
Unloading 1968 Unused Serialized files (Serialized files now loaded: 0)
System memory in use before: 86.3 MB.
System memory in use after: 86.4 MB.

Unloading 49 unused Assets to reduce memory usage. Loaded Objects now: 2416.
Total: 4.400900 ms (FindLiveObjects: 0.131400 ms CreateObjectMapping: 0.049200 ms MarkObjects: 4.199000 ms  DeleteObjects: 0.020600 ms)

AssetImportParameters requested are different than current active one (requested -> active):
  custom:framework-win-MediaFoundation: 216162199b28c13a410421893ffa2e32 -> 
  custom:video-decoder-ogg-theora: a1e56fd34408186e4bbccfd4996cb3dc -> 
  custom:container-muxer-webm: aa71ff27fc2769a1b78a27578f13a17b -> 
  custom:container-demuxer-webm: 4f35f7cbe854078d1ac9338744f61a02 -> 
  custom:container-demuxer-ogg: 62fdf1f143b41e24485cea50d1cbac27 -> 
  custom:video-encoder-webm-vp8: eb34c28f22e8b96e1ab97ce403110664 -> 
  custom:video-decoder-webm-vp8: 9c59270c3fd7afecdb556c50c9e8de78 -> 
  custom:audio-decoder-ogg-vorbis: bf7c407c2cedff20999df2af8eb42d56 -> 
  custom:audio-encoder-webm-vorbis: bf7c407c2cedff20999df2af8eb42d56 -> 
========================================================================
Received Prepare
Registering precompiled user dll's ...
Registered in 0.003537 seconds.
Begin MonoManager ReloadAssembly
Native extension for WindowsStandalone target not found
Refreshing native plugins compatible for Editor in 0.71 ms, found 2 plugins.
Preloading 0 native plugins for Editor in 0.00 ms.
Mono: successfully reloaded assembly
- Completed reload, in  0.869 seconds
Domain Reload Profiling:
	ReloadAssembly (869ms)
		BeginReloadAssembly (97ms)
			ExecutionOrderSort (0ms)
			DisableScriptedObjects (5ms)
			BackupInstance (0ms)
			ReleaseScriptingObjects (0ms)
			CreateAndSetChildDomain (27ms)
		EndReloadAssembly (721ms)
			LoadAssemblies (68ms)
			RebuildTransferFunctionScriptingTraits (0ms)
			SetupTypeCache (220ms)
			ReleaseScriptCaches (1ms)
			RebuildScriptCaches (30ms)
			SetupLoadedEditorAssemblies (324ms)
				LogAssemblyErrors (0ms)
				InitializePlatformSupportModulesInManaged (4ms)
				SetLoadedEditorAssemblies (0ms)
				RefreshPlugins (1ms)
				BeforeProcessingInitializeOnLoad (43ms)
				ProcessInitializeOnLoadAttributes (245ms)
				ProcessInitializeOnLoadMethodAttributes (27ms)
				AfterProcessingInitializeOnLoad (5ms)
				EditorAssembliesLoaded (0ms)
			ExecutionOrderSort2 (0ms)
			AwakeInstancesAfterBackupRestoration (6ms)
Platform modules already initialized, skipping
Refreshing native plugins compatible for Editor in 0.78 ms, found 2 plugins.
Preloading 0 native plugins for Editor in 0.00 ms.
Unloading 1968 Unused Serialized files (Serialized files now loaded: 0)
System memory in use before: 86.3 MB.
System memory in use after: 86.4 MB.

Unloading 49 unused Assets to reduce memory usage. Loaded Objects now: 2418.
Total: 5.071700 ms (FindLiveObjects: 0.165600 ms CreateObjectMapping: 0.064100 ms MarkObjects: 4.815800 ms  DeleteObjects: 0.024800 ms)

AssetImportParameters requested are different than current active one (requested -> active):
  custom:framework-win-MediaFoundation: 216162199b28c13a410421893ffa2e32 -> 
  custom:video-decoder-ogg-theora: a1e56fd34408186e4bbccfd4996cb3dc -> 
  custom:container-muxer-webm: aa71ff27fc2769a1b78a27578f13a17b -> 
  custom:container-demuxer-webm: 4f35f7cbe854078d1ac9338744f61a02 -> 
  custom:container-demuxer-ogg: 62fdf1f143b41e24485cea50d1cbac27 -> 
  custom:video-encoder-webm-vp8: eb34c28f22e8b96e1ab97ce403110664 -> 
  custom:video-decoder-webm-vp8: 9c59270c3fd7afecdb556c50c9e8de78 -> 
  custom:audio-decoder-ogg-vorbis: bf7c407c2cedff20999df2af8eb42d56 -> 
  custom:audio-encoder-webm-vorbis: bf7c407c2cedff20999df2af8eb42d56 -> 
========================================================================
Received Prepare
Registering precompiled user dll's ...
Registered in 0.005410 seconds.
Begin MonoManager ReloadAssembly
Native extension for WindowsStandalone target not found
Refreshing native plugins compatible for Editor in 0.82 ms, found 2 plugins.
Preloading 0 native plugins for Editor in 0.00 ms.
Mono: successfully reloaded assembly
- Completed reload, in  1.087 seconds
Domain Reload Profiling:
	ReloadAssembly (1088ms)
		BeginReloadAssembly (120ms)
			ExecutionOrderSort (0ms)
			DisableScriptedObjects (9ms)
			BackupInstance (0ms)
			ReleaseScriptingObjects (0ms)
			CreateAndSetChildDomain (34ms)
		EndReloadAssembly (901ms)
			LoadAssemblies (90ms)
			RebuildTransferFunctionScriptingTraits (0ms)
			SetupTypeCache (280ms)
			ReleaseScriptCaches (1ms)
			RebuildScriptCaches (34ms)
			SetupLoadedEditorAssemblies (402ms)
				LogAssemblyErrors (0ms)
				InitializePlatformSupportModulesInManaged (5ms)
				SetLoadedEditorAssemblies (0ms)
				RefreshPlugins (1ms)
				BeforeProcessingInitializeOnLoad (54ms)
				ProcessInitializeOnLoadAttributes (301ms)
				ProcessInitializeOnLoadMethodAttributes (34ms)
				AfterProcessingInitializeOnLoad (6ms)
				EditorAssembliesLoaded (0ms)
			ExecutionOrderSort2 (0ms)
			AwakeInstancesAfterBackupRestoration (7ms)
Platform modules already initialized, skipping
Refreshing native plugins compatible for Editor in 1.00 ms, found 2 plugins.
Preloading 0 native plugins for Editor in 0.00 ms.
Unloading 1968 Unused Serialized files (Serialized files now loaded: 0)
System memory in use before: 86.3 MB.
System memory in use after: 86.4 MB.

Unloading 49 unused Assets to reduce memory usage. Loaded Objects now: 2420.
Total: 5.524500 ms (FindLiveObjects: 0.218300 ms CreateObjectMapping: 0.097800 ms MarkObjects: 5.181100 ms  DeleteObjects: 0.025800 ms)

AssetImportParameters requested are different than current active one (requested -> active):
  custom:framework-win-MediaFoundation: 216162199b28c13a410421893ffa2e32 -> 
  custom:video-decoder-ogg-theora: a1e56fd34408186e4bbccfd4996cb3dc -> 
  custom:container-muxer-webm: aa71ff27fc2769a1b78a27578f13a17b -> 
  custom:container-demuxer-webm: 4f35f7cbe854078d1ac9338744f61a02 -> 
  custom:container-demuxer-ogg: 62fdf1f143b41e24485cea50d1cbac27 -> 
  custom:video-encoder-webm-vp8: eb34c28f22e8b96e1ab97ce403110664 -> 
  custom:video-decoder-webm-vp8: 9c59270c3fd7afecdb556c50c9e8de78 -> 
  custom:audio-decoder-ogg-vorbis: bf7c407c2cedff20999df2af8eb42d56 -> 
  custom:audio-encoder-webm-vorbis: bf7c407c2cedff20999df2af8eb42d56 -> 
AssetImportWorkerClient::OnTransportError - code=2 error=End of file
